[debug] [2026-01-27T14:53:26.922Z] ----------------------------------------------------------------------
[debug] [2026-01-27T14:53:26.925Z] Command:       /home/marvin/.nvm/versions/node/v20.19.5/bin/node /home/marvin/.nvm/versions/node/v20.19.5/bin/firebase deploy --only functions
[debug] [2026-01-27T14:53:26.925Z] CLI Version:   15.4.0
[debug] [2026-01-27T14:53:26.925Z] Platform:      linux
[debug] [2026-01-27T14:53:26.925Z] Node Version:  v20.19.5
[debug] [2026-01-27T14:53:26.926Z] Time:          Tue Jan 27 2026 22:53:26 GMT+0800 (China Standard Time)
[debug] [2026-01-27T14:53:26.926Z] ----------------------------------------------------------------------
[debug] 
[debug] [2026-01-27T14:53:28.431Z] > command requires scopes: ["email","openid","https://www.googleapis.com/auth/cloudplatformprojects.readonly","https://www.googleapis.com/auth/firebase","https://www.googleapis.com/auth/cloud-platform"]
[debug] [2026-01-27T14:53:28.432Z] > authorizing via signed-in user (mtintero02@gmail.com)
[debug] [2026-01-27T14:53:28.432Z] [iam] checking project sentrilock-9db8f for permissions ["cloudfunctions.functions.create","cloudfunctions.functions.delete","cloudfunctions.functions.get","cloudfunctions.functions.list","cloudfunctions.functions.update","cloudfunctions.operations.get","firebase.projects.get"]
[debug] [2026-01-27T14:53:28.433Z] Checked if tokens are valid: true, expires at: 1769528792411
[debug] [2026-01-27T14:53:28.434Z] Checked if tokens are valid: true, expires at: 1769528792411
[debug] [2026-01-27T14:53:28.435Z] >>> [apiv2][query] POST https://cloudresourcemanager.googleapis.com/v1/projects/sentrilock-9db8f:testIamPermissions [none]
[debug] [2026-01-27T14:53:28.435Z] >>> [apiv2][(partial)header] POST https://cloudresourcemanager.googleapis.com/v1/projects/sentrilock-9db8f:testIamPermissions x-goog-quota-user=projects/sentrilock-9db8f
[debug] [2026-01-27T14:53:28.435Z] >>> [apiv2][body] POST https://cloudresourcemanager.googleapis.com/v1/projects/sentrilock-9db8f:testIamPermissions {"permissions":["cloudfunctions.functions.create","cloudfunctions.functions.delete","cloudfunctions.functions.get","cloudfunctions.functions.list","cloudfunctions.functions.update","cloudfunctions.operations.get","firebase.projects.get"]}
[debug] [2026-01-27T14:53:29.703Z] <<< [apiv2][status] POST https://cloudresourcemanager.googleapis.com/v1/projects/sentrilock-9db8f:testIamPermissions 200
[debug] [2026-01-27T14:53:29.703Z] <<< [apiv2][body] POST https://cloudresourcemanager.googleapis.com/v1/projects/sentrilock-9db8f:testIamPermissions {"permissions":["cloudfunctions.functions.create","cloudfunctions.functions.delete","cloudfunctions.functions.get","cloudfunctions.functions.list","cloudfunctions.functions.update","cloudfunctions.operations.get","firebase.projects.get"]}
[debug] [2026-01-27T14:53:29.704Z] Checked if tokens are valid: true, expires at: 1769528792411
[debug] [2026-01-27T14:53:29.705Z] Checked if tokens are valid: true, expires at: 1769528792411
[debug] [2026-01-27T14:53:29.705Z] >>> [apiv2][query] POST https://iam.googleapis.com/v1/projects/sentrilock-9db8f/serviceAccounts/sentrilock-9db8f@appspot.gserviceaccount.com:testIamPermissions [none]
[debug] [2026-01-27T14:53:29.705Z] >>> [apiv2][body] POST https://iam.googleapis.com/v1/projects/sentrilock-9db8f/serviceAccounts/sentrilock-9db8f@appspot.gserviceaccount.com:testIamPermissions {"permissions":["iam.serviceAccounts.actAs"]}
[debug] [2026-01-27T14:53:32.019Z] <<< [apiv2][status] POST https://iam.googleapis.com/v1/projects/sentrilock-9db8f/serviceAccounts/sentrilock-9db8f@appspot.gserviceaccount.com:testIamPermissions 404
[debug] [2026-01-27T14:53:32.020Z] <<< [apiv2][body] POST https://iam.googleapis.com/v1/projects/sentrilock-9db8f/serviceAccounts/sentrilock-9db8f@appspot.gserviceaccount.com:testIamPermissions {"error":{"code":404,"message":"Unknown service account","status":"NOT_FOUND"}}
[debug] [2026-01-27T14:53:32.022Z] [functions] service account IAM check errored, deploy may fail: Request to https://iam.googleapis.com/v1/projects/sentrilock-9db8f/serviceAccounts/sentrilock-9db8f@appspot.gserviceaccount.com:testIamPermissions had HTTP Error: 404, Unknown service account {"name":"FirebaseError","children":[],"context":{"body":{"error":{"code":404,"message":"Unknown service account","status":"NOT_FOUND"}},"response":{"statusCode":404}},"exit":1,"message":"Request to https://iam.googleapis.com/v1/projects/sentrilock-9db8f/serviceAccounts/sentrilock-9db8f@appspot.gserviceaccount.com:testIamPermissions had HTTP Error: 404, Unknown service account","status":404}
[info] 
[info] === Deploying to 'sentrilock-9db8f'...
[info] 
[info] i  deploying functions 
[info] Running command: npm --prefix "$RESOURCE_DIR" run lint
[info] Running command: npm --prefix "$RESOURCE_DIR" run build
[info] ✔  functions: Finished running predeploy script. 
[debug] [2026-01-27T14:53:42.065Z] Checked if tokens are valid: true, expires at: 1769528792411
[debug] [2026-01-27T14:53:42.065Z] Checked if tokens are valid: true, expires at: 1769528792411
[debug] [2026-01-27T14:53:42.066Z] >>> [apiv2][query] GET https://cloudresourcemanager.googleapis.com/v1/projects/sentrilock-9db8f [none]
[debug] [2026-01-27T14:53:47.621Z] <<< [apiv2][status] GET https://cloudresourcemanager.googleapis.com/v1/projects/sentrilock-9db8f 200
[debug] [2026-01-27T14:53:47.622Z] <<< [apiv2][body] GET https://cloudresourcemanager.googleapis.com/v1/projects/sentrilock-9db8f {"projectNumber":"715232745006","projectId":"sentrilock-9db8f","lifecycleState":"ACTIVE","name":"Sentrilock","labels":{"firebase":"enabled","firebase-core":"disabled"},"createTime":"2025-11-17T08:25:03.907014Z"}
[info] i  functions: preparing codebase default for deployment 
[info] i  functions: ensuring required API cloudfunctions.googleapis.com is enabled... 
[info] i  functions: ensuring required API cloudbuild.googleapis.com is enabled... 
[info] i  artifactregistry: ensuring required API artifactregistry.googleapis.com is enabled... 
[debug] [2026-01-27T14:53:47.629Z] Checked if tokens are valid: true, expires at: 1769528792411
[debug] [2026-01-27T14:53:47.629Z] Checked if tokens are valid: true, expires at: 1769528792411
[debug] [2026-01-27T14:53:47.629Z] >>> [apiv2][query] GET https://firebase.googleapis.com/v1beta1/projects/sentrilock-9db8f/adminSdkConfig [none]
[debug] [2026-01-27T14:53:50.269Z] <<< [apiv2][status] GET https://firebase.googleapis.com/v1beta1/projects/sentrilock-9db8f/adminSdkConfig 200
[debug] [2026-01-27T14:53:50.269Z] <<< [apiv2][body] GET https://firebase.googleapis.com/v1beta1/projects/sentrilock-9db8f/adminSdkConfig {"projectId":"sentrilock-9db8f","storageBucket":"sentrilock-9db8f.firebasestorage.app"}
[debug] [2026-01-27T14:53:50.272Z] Validating nodejs source
[debug] [2026-01-27T14:53:52.735Z] > [functions] package.json contents: {
  "name": "functions",
  "scripts": {
    "lint": "eslint --ext .js,.ts .",
    "build": "tsc",
    "build:watch": "tsc --watch",
    "serve": "npm run build && firebase emulators:start --only functions",
    "shell": "npm run build && firebase functions:shell",
    "start": "npm run shell",
    "deploy": "firebase deploy --only functions",
    "logs": "firebase functions:log"
  },
  "engines": {
    "node": "24"
  },
  "main": "lib/index.js",
  "dependencies": {
    "firebase-admin": "^13.6.0",
    "firebase-functions": "^7.0.0"
  },
  "devDependencies": {
    "@typescript-eslint/eslint-plugin": "^5.12.0",
    "@typescript-eslint/parser": "^5.12.0",
    "eslint": "^8.9.0",
    "eslint-config-google": "^0.14.0",
    "eslint-plugin-import": "^2.25.4",
    "firebase-functions-test": "^3.4.1",
    "typescript": "^5.7.3"
  },
  "private": true
}
[debug] [2026-01-27T14:53:52.735Z] Building nodejs source
[info] i  functions: Loading and analyzing source code for codebase default to determine what to deploy 
[debug] [2026-01-27T14:53:52.737Z] Could not find functions.yaml. Must use http discovery
[debug] [2026-01-27T14:53:52.747Z] Found firebase-functions binary at '/home/marvin/projects/sentrilock-frontend/functions/node_modules/.bin/firebase-functions'
[info] Serving at port 8962

[debug] [2026-01-27T14:53:53.370Z] Got response from /__/functions.yaml {"endpoints":{"onLogCreated":{"availableMemoryMb":null,"timeoutSeconds":null,"minInstances":null,"maxInstances":null,"ingressSettings":null,"concurrency":null,"serviceAccountEmail":null,"vpc":null,"platform":"gcfv2","labels":{},"eventTrigger":{"eventType":"google.cloud.firestore.document.v1.created","eventFilters":{"database":"(default)","namespace":"(default)"},"eventFilterPathPatterns":{"document":"logs/{logId}"},"retry":false},"entryPoint":"onLogCreated"},"sendTestNotification":{"availableMemoryMb":null,"timeoutSeconds":null,"minInstances":null,"maxInstances":null,"ingressSettings":null,"concurrency":null,"serviceAccountEmail":null,"vpc":null,"platform":"gcfv2","labels":{},"callableTrigger":{},"entryPoint":"sendTestNotification"}},"specVersion":"v1alpha1","requiredAPIs":[],"extensions":{}}
[info] i  extensions: ensuring required API firebaseextensions.googleapis.com is enabled... 
[debug] [2026-01-27T14:53:57.426Z] > command requires scopes: ["email","openid","https://www.googleapis.com/auth/cloudplatformprojects.readonly","https://www.googleapis.com/auth/firebase","https://www.googleapis.com/auth/cloud-platform"]
[debug] [2026-01-27T14:53:57.426Z] > authorizing via signed-in user (mtintero02@gmail.com)
[debug] [2026-01-27T14:53:57.426Z] [iam] checking project sentrilock-9db8f for permissions ["firebase.projects.get","firebaseextensions.instances.list"]
[debug] [2026-01-27T14:53:57.427Z] Checked if tokens are valid: true, expires at: 1769528792411
[debug] [2026-01-27T14:53:57.427Z] Checked if tokens are valid: true, expires at: 1769528792411
[debug] [2026-01-27T14:53:57.427Z] >>> [apiv2][query] POST https://cloudresourcemanager.googleapis.com/v1/projects/sentrilock-9db8f:testIamPermissions [none]
[debug] [2026-01-27T14:53:57.427Z] >>> [apiv2][(partial)header] POST https://cloudresourcemanager.googleapis.com/v1/projects/sentrilock-9db8f:testIamPermissions x-goog-quota-user=projects/sentrilock-9db8f
[debug] [2026-01-27T14:53:57.427Z] >>> [apiv2][body] POST https://cloudresourcemanager.googleapis.com/v1/projects/sentrilock-9db8f:testIamPermissions {"permissions":["firebase.projects.get","firebaseextensions.instances.list"]}
[debug] [2026-01-27T14:53:59.915Z] <<< [apiv2][status] POST https://cloudresourcemanager.googleapis.com/v1/projects/sentrilock-9db8f:testIamPermissions 200
[debug] [2026-01-27T14:53:59.916Z] <<< [apiv2][body] POST https://cloudresourcemanager.googleapis.com/v1/projects/sentrilock-9db8f:testIamPermissions {"permissions":["firebase.projects.get","firebaseextensions.instances.list"]}
[debug] [2026-01-27T14:53:59.919Z] Checked if tokens are valid: true, expires at: 1769528792411
[debug] [2026-01-27T14:53:59.920Z] Checked if tokens are valid: true, expires at: 1769528792411
[debug] [2026-01-27T14:53:59.922Z] >>> [apiv2][query] GET https://firebaseextensions.googleapis.com/v1beta/projects/sentrilock-9db8f/instances pageSize=100&pageToken=
[debug] [2026-01-27T14:54:01.921Z] <<< [apiv2][status] GET https://firebaseextensions.googleapis.com/v1beta/projects/sentrilock-9db8f/instances 200
[debug] [2026-01-27T14:54:01.921Z] <<< [apiv2][body] GET https://firebaseextensions.googleapis.com/v1beta/projects/sentrilock-9db8f/instances {}
[info] i  functions: preparing functions directory for uploading... 
[info] i  functions: packaged /home/marvin/projects/sentrilock-frontend/functions (100.92 KB) for uploading 
[debug] [2026-01-27T14:54:02.036Z] Checked if tokens are valid: true, expires at: 1769528792411
[debug] [2026-01-27T14:54:02.036Z] Checked if tokens are valid: true, expires at: 1769528792411
[debug] [2026-01-27T14:54:02.036Z] >>> [apiv2][query] GET https://cloudfunctions.googleapis.com/v1/projects/sentrilock-9db8f/locations/-/functions [none]
[debug] [2026-01-27T14:54:03.591Z] <<< [apiv2][status] GET https://cloudfunctions.googleapis.com/v1/projects/sentrilock-9db8f/locations/-/functions 200
[debug] [2026-01-27T14:54:03.592Z] <<< [apiv2][body] GET https://cloudfunctions.googleapis.com/v1/projects/sentrilock-9db8f/locations/-/functions {}
[debug] [2026-01-27T14:54:03.595Z] Checked if tokens are valid: true, expires at: 1769528792411
[debug] [2026-01-27T14:54:03.595Z] Checked if tokens are valid: true, expires at: 1769528792411
[debug] [2026-01-27T14:54:03.596Z] >>> [apiv2][query] GET https://cloudfunctions.googleapis.com/v2/projects/sentrilock-9db8f/locations/-/functions filter=environment%3D%22GEN_2%22
[debug] [2026-01-27T14:54:05.075Z] <<< [apiv2][status] GET https://cloudfunctions.googleapis.com/v2/projects/sentrilock-9db8f/locations/-/functions 200
[debug] [2026-01-27T14:54:05.077Z] <<< [apiv2][body] GET https://cloudfunctions.googleapis.com/v2/projects/sentrilock-9db8f/locations/-/functions {"functions":[{"name":"projects/sentrilock-9db8f/locations/us-central1/functions/esp32cam","buildConfig":{"build":"projects/715232745006/locations/us-central1/builds/60d81f51-7edf-4447-a7e6-c9997a62e6dc","runtime":"nodejs24","entryPoint":"esp32cam","source":{"storageSource":{"bucket":"gcf-v2-sources-715232745006-us-central1","object":"esp32cam/function-source.zip","generation":"1768896367996832"}},"environmentVariables":{"GOOGLE_NODE_RUN_SCRIPTS":""},"dockerRepository":"projects/sentrilock-9db8f/locations/us-central1/repositories/gcf-artifacts","sourceProvenance":{"resolvedStorageSource":{"bucket":"gcf-v2-sources-715232745006-us-central1","object":"esp32cam/function-source.zip","generation":"1768896367996832"}},"dockerRegistry":"ARTIFACT_REGISTRY","serviceAccount":"projects/sentrilock-9db8f/serviceAccounts/715232745006-compute@developer.gserviceaccount.com","automaticUpdatePolicy":{}},"serviceConfig":{"service":"projects/sentrilock-9db8f/locations/us-central1/services/esp32cam","timeoutSeconds":300,"environmentVariables":{"FIREBASE_CONFIG":"{\"projectId\":\"sentrilock-9db8f\",\"storageBucket\":\"sentrilock-9db8f.firebasestorage.app\"}","GCLOUD_PROJECT":"sentrilock-9db8f","EVENTARC_CLOUD_EVENT_SOURCE":"projects/sentrilock-9db8f/locations/us-central1/services/esp32cam","FUNCTION_TARGET":"esp32cam","LOG_EXECUTION_ID":"true"},"maxInstanceCount":3,"ingressSettings":"ALLOW_ALL","uri":"https://esp32cam-b5bx42kifq-uc.a.run.app","serviceAccountEmail":"715232745006-compute@developer.gserviceaccount.com","availableMemory":"1024Mi","allTrafficOnLatestRevision":true,"revision":"esp32cam-00020-xon","maxInstanceRequestConcurrency":80,"availableCpu":"1"},"state":"ACTIVE","updateTime":"2026-01-20T08:07:06.109377575Z","labels":{"firebase-functions-hash":"5cf349d6bf396bc6c7015b53ac522ccb7f2b2758","deployment-tool":"cli-firebase"},"environment":"GEN_2","url":"https://us-central1-sentrilock-9db8f.cloudfunctions.net/esp32cam","createTime":"2025-11-26T01:36:35.048099613Z","satisfiesPzi":true}]}
[debug] [2026-01-27T14:54:05.085Z] Checked if tokens are valid: true, expires at: 1769528792411
[debug] [2026-01-27T14:54:05.085Z] Checked if tokens are valid: true, expires at: 1769528792411
[debug] [2026-01-27T14:54:05.086Z] >>> [apiv2][query] GET https://firestore.googleapis.com/v1/projects/sentrilock-9db8f/databases/(default) [none]
[debug] [2026-01-27T14:54:05.833Z] <<< [apiv2][status] GET https://firestore.googleapis.com/v1/projects/sentrilock-9db8f/databases/(default) 200
[debug] [2026-01-27T14:54:05.834Z] <<< [apiv2][body] GET https://firestore.googleapis.com/v1/projects/sentrilock-9db8f/databases/(default) {"name":"projects/sentrilock-9db8f/databases/(default)","uid":"77452f60-1c9c-4b2e-ba10-0b2fc5e186cb","createTime":"2025-11-18T03:37:22.472546Z","updateTime":"2025-11-18T03:37:22.472546Z","locationId":"asia-southeast1","type":"FIRESTORE_NATIVE","concurrencyMode":"PESSIMISTIC","versionRetentionPeriod":"3600s","earliestVersionTime":"2026-01-27T13:54:05.826862Z","appEngineIntegrationMode":"DISABLED","keyPrefix":"zas","pointInTimeRecoveryEnablement":"POINT_IN_TIME_RECOVERY_DISABLED","deleteProtectionState":"DELETE_PROTECTION_DISABLED","databaseEdition":"STANDARD","freeTier":true,"realtimeUpdatesMode":"REALTIME_UPDATES_MODE_ENABLED","etag":"IIexqdz8q5IDMOr1yKXj+pAD"}
[info] i  functions: ensuring required API run.googleapis.com is enabled... 
[info] i  functions: ensuring required API eventarc.googleapis.com is enabled... 
[info] i  functions: ensuring required API pubsub.googleapis.com is enabled... 
[info] i  functions: ensuring required API storage.googleapis.com is enabled... 
[info] i  functions: generating the service identity for pubsub.googleapis.com... 
[debug] [2026-01-27T14:54:05.844Z] Checked if tokens are valid: true, expires at: 1769528792411
[debug] [2026-01-27T14:54:05.844Z] Checked if tokens are valid: true, expires at: 1769528792411
[info] i  functions: generating the service identity for eventarc.googleapis.com... 
[debug] [2026-01-27T14:54:05.845Z] Checked if tokens are valid: true, expires at: 1769528792411
[debug] [2026-01-27T14:54:05.845Z] Checked if tokens are valid: true, expires at: 1769528792411
[debug] [2026-01-27T14:54:05.849Z] >>> [apiv2][query] POST https://serviceusage.googleapis.com/v1beta1/projects/715232745006/services/pubsub.googleapis.com:generateServiceIdentity [none]
[debug] [2026-01-27T14:54:05.850Z] >>> [apiv2][(partial)header] POST https://serviceusage.googleapis.com/v1beta1/projects/715232745006/services/pubsub.googleapis.com:generateServiceIdentity x-goog-quota-user=projects/715232745006
[debug] [2026-01-27T14:54:05.855Z] >>> [apiv2][body] POST https://serviceusage.googleapis.com/v1beta1/projects/715232745006/services/pubsub.googleapis.com:generateServiceIdentity {}
[debug] [2026-01-27T14:54:05.860Z] >>> [apiv2][query] POST https://serviceusage.googleapis.com/v1beta1/projects/715232745006/services/eventarc.googleapis.com:generateServiceIdentity [none]
[debug] [2026-01-27T14:54:05.860Z] >>> [apiv2][(partial)header] POST https://serviceusage.googleapis.com/v1beta1/projects/715232745006/services/eventarc.googleapis.com:generateServiceIdentity x-goog-quota-user=projects/715232745006
[debug] [2026-01-27T14:54:05.861Z] >>> [apiv2][body] POST https://serviceusage.googleapis.com/v1beta1/projects/715232745006/services/eventarc.googleapis.com:generateServiceIdentity {}
[debug] [2026-01-27T14:54:07.575Z] <<< [apiv2][status] POST https://serviceusage.googleapis.com/v1beta1/projects/715232745006/services/pubsub.googleapis.com:generateServiceIdentity 200
[debug] [2026-01-27T14:54:07.575Z] <<< [apiv2][body] POST https://serviceusage.googleapis.com/v1beta1/projects/715232745006/services/pubsub.googleapis.com:generateServiceIdentity {"name":"operations/finished.DONE_OPERATION","done":true,"response":{"@type":"type.googleapis.com/google.api.serviceusage.v1beta1.ServiceIdentity","email":"service-715232745006@gcp-sa-pubsub.iam.gserviceaccount.com","uniqueId":"109562298534498036088"}}
[debug] [2026-01-27T14:54:07.783Z] <<< [apiv2][status] POST https://serviceusage.googleapis.com/v1beta1/projects/715232745006/services/eventarc.googleapis.com:generateServiceIdentity 200
[debug] [2026-01-27T14:54:07.784Z] <<< [apiv2][body] POST https://serviceusage.googleapis.com/v1beta1/projects/715232745006/services/eventarc.googleapis.com:generateServiceIdentity {"name":"operations/finished.DONE_OPERATION","done":true,"response":{"@type":"type.googleapis.com/google.api.serviceusage.v1beta1.ServiceIdentity","email":"service-715232745006@gcp-sa-eventarc.iam.gserviceaccount.com","uniqueId":"101021643154518755048"}}
[debug] [2026-01-27T14:54:07.790Z] Checked if tokens are valid: true, expires at: 1769528792411
[debug] [2026-01-27T14:54:07.790Z] Checked if tokens are valid: true, expires at: 1769528792411
[debug] [2026-01-27T14:54:07.791Z] >>> [apiv2][query] GET https://compute.googleapis.com/compute/v1/projects/715232745006 [none]
[debug] [2026-01-27T14:54:08.594Z] <<< [apiv2][status] GET https://compute.googleapis.com/compute/v1/projects/715232745006 403
[debug] [2026-01-27T14:54:08.594Z] <<< [apiv2][body] GET https://compute.googleapis.com/compute/v1/projects/715232745006 {"error":{"code":403,"message":"Compute Engine API has not been used in project 715232745006 before or it is disabled. Enable it by visiting https://console.developers.google.com/apis/api/compute.googleapis.com/overview?project=715232745006 then retry. If you enabled this API recently, wait a few minutes for the action to propagate to our systems and retry.","errors":[{"message":"Compute Engine API has not been used in project 715232745006 before or it is disabled. Enable it by visiting https://console.developers.google.com/apis/api/compute.googleapis.com/overview?project=715232745006 then retry. If you enabled this API recently, wait a few minutes for the action to propagate to our systems and retry.","domain":"usageLimits","reason":"accessNotConfigured","extendedHelp":"https://console.developers.google.com"}],"status":"PERMISSION_DENIED","details":[{"@type":"type.googleapis.com/google.rpc.ErrorInfo","reason":"SERVICE_DISABLED","domain":"googleapis.com","metadata":{"serviceTitle":"Compute Engine API","containerInfo":"715232745006","activationUrl":"https://console.developers.google.com/apis/api/compute.googleapis.com/overview?project=715232745006","consumer":"projects/715232745006","service":"compute.googleapis.com"}},{"@type":"type.googleapis.com/google.rpc.LocalizedMessage","locale":"en-US","message":"Compute Engine API has not been used in project 715232745006 before or it is disabled. Enable it by visiting https://console.developers.google.com/apis/api/compute.googleapis.com/overview?project=715232745006 then retry. If you enabled this API recently, wait a few minutes for the action to propagate to our systems and retry."},{"@type":"type.googleapis.com/google.rpc.Help","links":[{"description":"Google developers console API activation","url":"https://console.developers.google.com/apis/api/compute.googleapis.com/overview?project=715232745006"}]}]}}
[debug] [2026-01-27T14:54:08.595Z] unable to look up default compute service account. Falling back to 715232745006-compute@developer.gserviceaccount.com. Error: {"name":"FirebaseError","children":[],"context":{"body":{"error":{"code":403,"message":"Compute Engine API has not been used in project 715232745006 before or it is disabled. Enable it by visiting https://console.developers.google.com/apis/api/compute.googleapis.com/overview?project=715232745006 then retry. If you enabled this API recently, wait a few minutes for the action to propagate to our systems and retry.","errors":[{"message":"Compute Engine API has not been used in project 715232745006 before or it is disabled. Enable it by visiting https://console.developers.google.com/apis/api/compute.googleapis.com/overview?project=715232745006 then retry. If you enabled this API recently, wait a few minutes for the action to propagate to our systems and retry.","domain":"usageLimits","reason":"accessNotConfigured","extendedHelp":"https://console.developers.google.com"}],"status":"PERMISSION_DENIED","details":[{"@type":"type.googleapis.com/google.rpc.ErrorInfo","reason":"SERVICE_DISABLED","domain":"googleapis.com","metadata":{"serviceTitle":"Compute Engine API","containerInfo":"715232745006","activationUrl":"https://console.developers.google.com/apis/api/compute.googleapis.com/overview?project=715232745006","consumer":"projects/715232745006","service":"compute.googleapis.com"}},{"@type":"type.googleapis.com/google.rpc.LocalizedMessage","locale":"en-US","message":"Compute Engine API has not been used in project 715232745006 before or it is disabled. Enable it by visiting https://console.developers.google.com/apis/api/compute.googleapis.com/overview?project=715232745006 then retry. If you enabled this API recently, wait a few minutes for the action to propagate to our systems and retry."},{"@type":"type.googleapis.com/google.rpc.Help","links":[{"description":"Google developers console API activation","url":"https://console.developers.google.com/apis/api/compute.googleapis.com/overview?project=715232745006"}]}]}},"response":{"statusCode":403}},"exit":1,"message":"Request to https://compute.googleapis.com/compute/v1/projects/715232745006 had HTTP Error: 403, Compute Engine API has not been used in project 715232745006 before or it is disabled. Enable it by visiting https://console.developers.google.com/apis/api/compute.googleapis.com/overview?project=715232745006 then retry. If you enabled this API recently, wait a few minutes for the action to propagate to our systems and retry.","status":403}
[debug] [2026-01-27T14:54:08.596Z] Checked if tokens are valid: true, expires at: 1769528792411
[debug] [2026-01-27T14:54:08.596Z] Checked if tokens are valid: true, expires at: 1769528792411
[debug] [2026-01-27T14:54:08.596Z] >>> [apiv2][query] POST https://cloudresourcemanager.googleapis.com/v1/projects/715232745006:getIamPolicy [none]
[debug] [2026-01-27T14:54:10.121Z] <<< [apiv2][status] POST https://cloudresourcemanager.googleapis.com/v1/projects/715232745006:getIamPolicy 200
[debug] [2026-01-27T14:54:10.122Z] <<< [apiv2][body] POST https://cloudresourcemanager.googleapis.com/v1/projects/715232745006:getIamPolicy {"version":1,"etag":"BwZJQ/siOL4=","bindings":[{"role":"roles/artifactregistry.serviceAgent","members":["serviceAccount:service-715232745006@gcp-sa-artifactregistry.iam.gserviceaccount.com"]},{"role":"roles/cloudbuild.builds.builder","members":["serviceAccount:715232745006@cloudbuild.gserviceaccount.com"]},{"role":"roles/cloudbuild.serviceAgent","members":["serviceAccount:service-715232745006@gcp-sa-cloudbuild.iam.gserviceaccount.com"]},{"role":"roles/cloudfunctions.admin","members":["serviceAccount:firebase-adminsdk-fbsvc@sentrilock-9db8f.iam.gserviceaccount.com"]},{"role":"roles/cloudfunctions.serviceAgent","members":["serviceAccount:service-715232745006@gcf-admin-robot.iam.gserviceaccount.com"]},{"role":"roles/containerregistry.ServiceAgent","members":["serviceAccount:service-715232745006@containerregistry.iam.gserviceaccount.com"]},{"role":"roles/developerconnect.readTokenAccessor","members":["serviceAccount:firebase-app-hosting-compute@sentrilock-9db8f.iam.gserviceaccount.com"]},{"role":"roles/editor","members":["serviceAccount:715232745006-compute@developer.gserviceaccount.com","serviceAccount:715232745006@cloudservices.gserviceaccount.com"]},{"role":"roles/firebase.managementServiceAgent","members":["serviceAccount:service-715232745006@gcp-sa-firebase.iam.gserviceaccount.com"]},{"role":"roles/firebase.sdkAdminServiceAgent","members":["serviceAccount:firebase-adminsdk-fbsvc@sentrilock-9db8f.iam.gserviceaccount.com","serviceAccount:firebase-app-hosting-compute@sentrilock-9db8f.iam.gserviceaccount.com"]},{"role":"roles/firebaseapphosting.computeRunner","members":["serviceAccount:firebase-app-hosting-compute@sentrilock-9db8f.iam.gserviceaccount.com"]},{"role":"roles/firebaseapphosting.serviceAgent","members":["serviceAccount:service-715232745006@gcp-sa-firebaseapphosting.iam.gserviceaccount.com"]},{"role":"roles/firebaseauth.admin","members":["serviceAccount:firebase-adminsdk-fbsvc@sentrilock-9db8f.iam.gserviceaccount.com"]},{"role":"roles/firebasemods.serviceAgent","members":["serviceAccount:service-715232745006@gcp-sa-firebasemods.iam.gserviceaccount.com"]},{"role":"roles/firebaserules.system","members":["serviceAccount:service-715232745006@firebase-rules.iam.gserviceaccount.com"]},{"role":"roles/firebasestorage.serviceAgent","members":["serviceAccount:service-715232745006@gcp-sa-firebasestorage.iam.gserviceaccount.com"]},{"role":"roles/firestore.serviceAgent","members":["serviceAccount:service-715232745006@gcp-sa-firestore.iam.gserviceaccount.com"]},{"role":"roles/iam.serviceAccountTokenCreator","members":["serviceAccount:firebase-adminsdk-fbsvc@sentrilock-9db8f.iam.gserviceaccount.com"]},{"role":"roles/owner","members":["user:mtintero02@gmail.com"]},{"role":"roles/run.serviceAgent","members":["serviceAccount:service-715232745006@serverless-robot-prod.iam.gserviceaccount.com"]},{"role":"roles/secretmanager.admin_withcond_cead221504107dd75ea4","members":["serviceAccount:service-715232745006@gcp-sa-devconnect.iam.gserviceaccount.com"]},{"role":"roles/storage.admin","members":["serviceAccount:firebase-adminsdk-fbsvc@sentrilock-9db8f.iam.gserviceaccount.com"]}]}
[debug] [2026-01-27T14:54:10.124Z] Checked if tokens are valid: true, expires at: 1769528792411
[debug] [2026-01-27T14:54:10.124Z] Checked if tokens are valid: true, expires at: 1769528792411
[debug] [2026-01-27T14:54:10.125Z] >>> [apiv2][query] POST https://cloudresourcemanager.googleapis.com/v1/projects/715232745006:setIamPolicy [none]
[debug] [2026-01-27T14:54:10.125Z] >>> [apiv2][body] POST https://cloudresourcemanager.googleapis.com/v1/projects/715232745006:setIamPolicy {"policy":{"version":1,"etag":"BwZJQ/siOL4=","bindings":[{"role":"roles/artifactregistry.serviceAgent","members":["serviceAccount:service-715232745006@gcp-sa-artifactregistry.iam.gserviceaccount.com"]},{"role":"roles/cloudbuild.builds.builder","members":["serviceAccount:715232745006@cloudbuild.gserviceaccount.com"]},{"role":"roles/cloudbuild.serviceAgent","members":["serviceAccount:service-715232745006@gcp-sa-cloudbuild.iam.gserviceaccount.com"]},{"role":"roles/cloudfunctions.admin","members":["serviceAccount:firebase-adminsdk-fbsvc@sentrilock-9db8f.iam.gserviceaccount.com"]},{"role":"roles/cloudfunctions.serviceAgent","members":["serviceAccount:service-715232745006@gcf-admin-robot.iam.gserviceaccount.com"]},{"role":"roles/containerregistry.ServiceAgent","members":["serviceAccount:service-715232745006@containerregistry.iam.gserviceaccount.com"]},{"role":"roles/developerconnect.readTokenAccessor","members":["serviceAccount:firebase-app-hosting-compute@sentrilock-9db8f.iam.gserviceaccount.com"]},{"role":"roles/editor","members":["serviceAccount:715232745006-compute@developer.gserviceaccount.com","serviceAccount:715232745006@cloudservices.gserviceaccount.com"]},{"role":"roles/firebase.managementServiceAgent","members":["serviceAccount:service-715232745006@gcp-sa-firebase.iam.gserviceaccount.com"]},{"role":"roles/firebase.sdkAdminServiceAgent","members":["serviceAccount:firebase-adminsdk-fbsvc@sentrilock-9db8f.iam.gserviceaccount.com","serviceAccount:firebase-app-hosting-compute@sentrilock-9db8f.iam.gserviceaccount.com"]},{"role":"roles/firebaseapphosting.computeRunner","members":["serviceAccount:firebase-app-hosting-compute@sentrilock-9db8f.iam.gserviceaccount.com"]},{"role":"roles/firebaseapphosting.serviceAgent","members":["serviceAccount:service-715232745006@gcp-sa-firebaseapphosting.iam.gserviceaccount.com"]},{"role":"roles/firebaseauth.admin","members":["serviceAccount:firebase-adminsdk-fbsvc@sentrilock-9db8f.iam.gserviceaccount.com"]},{"role":"roles/firebasemods.serviceAgent","members":["serviceAccount:service-715232745006@gcp-sa-firebasemods.iam.gserviceaccount.com"]},{"role":"roles/firebaserules.system","members":["serviceAccount:service-715232745006@firebase-rules.iam.gserviceaccount.com"]},{"role":"roles/firebasestorage.serviceAgent","members":["serviceAccount:service-715232745006@gcp-sa-firebasestorage.iam.gserviceaccount.com"]},{"role":"roles/firestore.serviceAgent","members":["serviceAccount:service-715232745006@gcp-sa-firestore.iam.gserviceaccount.com"]},{"role":"roles/iam.serviceAccountTokenCreator","members":["serviceAccount:firebase-adminsdk-fbsvc@sentrilock-9db8f.iam.gserviceaccount.com","serviceAccount:service-715232745006@gcp-sa-pubsub.iam.gserviceaccount.com"]},{"role":"roles/owner","members":["user:mtintero02@gmail.com"]},{"role":"roles/run.serviceAgent","members":["serviceAccount:service-715232745006@serverless-robot-prod.iam.gserviceaccount.com"]},{"role":"roles/secretmanager.admin_withcond_cead221504107dd75ea4","members":["serviceAccount:service-715232745006@gcp-sa-devconnect.iam.gserviceaccount.com"]},{"role":"roles/storage.admin","members":["serviceAccount:firebase-adminsdk-fbsvc@sentrilock-9db8f.iam.gserviceaccount.com"]},{"role":"roles/run.invoker","members":["serviceAccount:715232745006-compute@developer.gserviceaccount.com"]},{"role":"roles/eventarc.eventReceiver","members":["serviceAccount:715232745006-compute@developer.gserviceaccount.com"]}]},"updateMask":"bindings"}
[debug] [2026-01-27T14:54:11.367Z] <<< [apiv2][status] POST https://cloudresourcemanager.googleapis.com/v1/projects/715232745006:setIamPolicy 200
[debug] [2026-01-27T14:54:11.368Z] <<< [apiv2][body] POST https://cloudresourcemanager.googleapis.com/v1/projects/715232745006:setIamPolicy {"version":1,"etag":"BwZJX8vc+4w=","bindings":[{"role":"roles/artifactregistry.serviceAgent","members":["serviceAccount:service-715232745006@gcp-sa-artifactregistry.iam.gserviceaccount.com"]},{"role":"roles/cloudbuild.builds.builder","members":["serviceAccount:715232745006@cloudbuild.gserviceaccount.com"]},{"role":"roles/cloudbuild.serviceAgent","members":["serviceAccount:service-715232745006@gcp-sa-cloudbuild.iam.gserviceaccount.com"]},{"role":"roles/cloudfunctions.admin","members":["serviceAccount:firebase-adminsdk-fbsvc@sentrilock-9db8f.iam.gserviceaccount.com"]},{"role":"roles/cloudfunctions.serviceAgent","members":["serviceAccount:service-715232745006@gcf-admin-robot.iam.gserviceaccount.com"]},{"role":"roles/containerregistry.ServiceAgent","members":["serviceAccount:service-715232745006@containerregistry.iam.gserviceaccount.com"]},{"role":"roles/developerconnect.readTokenAccessor","members":["serviceAccount:firebase-app-hosting-compute@sentrilock-9db8f.iam.gserviceaccount.com"]},{"role":"roles/editor","members":["serviceAccount:715232745006-compute@developer.gserviceaccount.com","serviceAccount:715232745006@cloudservices.gserviceaccount.com"]},{"role":"roles/eventarc.eventReceiver","members":["serviceAccount:715232745006-compute@developer.gserviceaccount.com"]},{"role":"roles/firebase.managementServiceAgent","members":["serviceAccount:service-715232745006@gcp-sa-firebase.iam.gserviceaccount.com"]},{"role":"roles/firebase.sdkAdminServiceAgent","members":["serviceAccount:firebase-adminsdk-fbsvc@sentrilock-9db8f.iam.gserviceaccount.com","serviceAccount:firebase-app-hosting-compute@sentrilock-9db8f.iam.gserviceaccount.com"]},{"role":"roles/firebaseapphosting.computeRunner","members":["serviceAccount:firebase-app-hosting-compute@sentrilock-9db8f.iam.gserviceaccount.com"]},{"role":"roles/firebaseapphosting.serviceAgent","members":["serviceAccount:service-715232745006@gcp-sa-firebaseapphosting.iam.gserviceaccount.com"]},{"role":"roles/firebaseauth.admin","members":["serviceAccount:firebase-adminsdk-fbsvc@sentrilock-9db8f.iam.gserviceaccount.com"]},{"role":"roles/firebasemods.serviceAgent","members":["serviceAccount:service-715232745006@gcp-sa-firebasemods.iam.gserviceaccount.com"]},{"role":"roles/firebaserules.system","members":["serviceAccount:service-715232745006@firebase-rules.iam.gserviceaccount.com"]},{"role":"roles/firebasestorage.serviceAgent","members":["serviceAccount:service-715232745006@gcp-sa-firebasestorage.iam.gserviceaccount.com"]},{"role":"roles/firestore.serviceAgent","members":["serviceAccount:service-715232745006@gcp-sa-firestore.iam.gserviceaccount.com"]},{"role":"roles/iam.serviceAccountTokenCreator","members":["serviceAccount:firebase-adminsdk-fbsvc@sentrilock-9db8f.iam.gserviceaccount.com","serviceAccount:service-715232745006@gcp-sa-pubsub.iam.gserviceaccount.com"]},{"role":"roles/owner","members":["user:mtintero02@gmail.com"]},{"role":"roles/run.invoker","members":["serviceAccount:715232745006-compute@developer.gserviceaccount.com"]},{"role":"roles/run.serviceAgent","members":["serviceAccount:service-715232745006@serverless-robot-prod.iam.gserviceaccount.com"]},{"role":"roles/secretmanager.admin_withcond_cead221504107dd75ea4","members":["serviceAccount:service-715232745006@gcp-sa-devconnect.iam.gserviceaccount.com"]},{"role":"roles/storage.admin","members":["serviceAccount:firebase-adminsdk-fbsvc@sentrilock-9db8f.iam.gserviceaccount.com"]}]}
[debug] [2026-01-27T14:54:11.372Z] Checked if tokens are valid: true, expires at: 1769528792411
[debug] [2026-01-27T14:54:11.372Z] Checked if tokens are valid: true, expires at: 1769528792411
[debug] [2026-01-27T14:54:11.373Z] >>> [apiv2][query] GET https://cloudresourcemanager.googleapis.com/v1/projects/sentrilock-9db8f [none]
[debug] [2026-01-27T14:54:11.745Z] <<< [apiv2][status] GET https://cloudresourcemanager.googleapis.com/v1/projects/sentrilock-9db8f 200
[debug] [2026-01-27T14:54:11.745Z] <<< [apiv2][body] GET https://cloudresourcemanager.googleapis.com/v1/projects/sentrilock-9db8f {"projectNumber":"715232745006","projectId":"sentrilock-9db8f","lifecycleState":"ACTIVE","name":"Sentrilock","labels":{"firebase":"enabled","firebase-core":"disabled"},"createTime":"2025-11-17T08:25:03.907014Z"}
[debug] [2026-01-27T14:54:11.745Z] Checked if tokens are valid: true, expires at: 1769528792411
[debug] [2026-01-27T14:54:11.745Z] Checked if tokens are valid: true, expires at: 1769528792411
[debug] [2026-01-27T14:54:11.746Z] >>> [apiv2][query] GET https://compute.googleapis.com/compute/v1/projects/715232745006 [none]
[debug] [2026-01-27T14:54:12.067Z] <<< [apiv2][status] GET https://compute.googleapis.com/compute/v1/projects/715232745006 403
[debug] [2026-01-27T14:54:12.068Z] <<< [apiv2][body] GET https://compute.googleapis.com/compute/v1/projects/715232745006 {"error":{"code":403,"message":"Compute Engine API has not been used in project 715232745006 before or it is disabled. Enable it by visiting https://console.developers.google.com/apis/api/compute.googleapis.com/overview?project=715232745006 then retry. If you enabled this API recently, wait a few minutes for the action to propagate to our systems and retry.","errors":[{"message":"Compute Engine API has not been used in project 715232745006 before or it is disabled. Enable it by visiting https://console.developers.google.com/apis/api/compute.googleapis.com/overview?project=715232745006 then retry. If you enabled this API recently, wait a few minutes for the action to propagate to our systems and retry.","domain":"usageLimits","reason":"accessNotConfigured","extendedHelp":"https://console.developers.google.com"}],"status":"PERMISSION_DENIED","details":[{"@type":"type.googleapis.com/google.rpc.ErrorInfo","reason":"SERVICE_DISABLED","domain":"googleapis.com","metadata":{"serviceTitle":"Compute Engine API","activationUrl":"https://console.developers.google.com/apis/api/compute.googleapis.com/overview?project=715232745006","containerInfo":"715232745006","service":"compute.googleapis.com","consumer":"projects/715232745006"}},{"@type":"type.googleapis.com/google.rpc.LocalizedMessage","locale":"en-US","message":"Compute Engine API has not been used in project 715232745006 before or it is disabled. Enable it by visiting https://console.developers.google.com/apis/api/compute.googleapis.com/overview?project=715232745006 then retry. If you enabled this API recently, wait a few minutes for the action to propagate to our systems and retry."},{"@type":"type.googleapis.com/google.rpc.Help","links":[{"description":"Google developers console API activation","url":"https://console.developers.google.com/apis/api/compute.googleapis.com/overview?project=715232745006"}]}]}}
[debug] [2026-01-27T14:54:12.068Z] unable to look up default compute service account. Falling back to 715232745006-compute@developer.gserviceaccount.com. Error: {"name":"FirebaseError","children":[],"context":{"body":{"error":{"code":403,"message":"Compute Engine API has not been used in project 715232745006 before or it is disabled. Enable it by visiting https://console.developers.google.com/apis/api/compute.googleapis.com/overview?project=715232745006 then retry. If you enabled this API recently, wait a few minutes for the action to propagate to our systems and retry.","errors":[{"message":"Compute Engine API has not been used in project 715232745006 before or it is disabled. Enable it by visiting https://console.developers.google.com/apis/api/compute.googleapis.com/overview?project=715232745006 then retry. If you enabled this API recently, wait a few minutes for the action to propagate to our systems and retry.","domain":"usageLimits","reason":"accessNotConfigured","extendedHelp":"https://console.developers.google.com"}],"status":"PERMISSION_DENIED","details":[{"@type":"type.googleapis.com/google.rpc.ErrorInfo","reason":"SERVICE_DISABLED","domain":"googleapis.com","metadata":{"serviceTitle":"Compute Engine API","activationUrl":"https://console.developers.google.com/apis/api/compute.googleapis.com/overview?project=715232745006","containerInfo":"715232745006","service":"compute.googleapis.com","consumer":"projects/715232745006"}},{"@type":"type.googleapis.com/google.rpc.LocalizedMessage","locale":"en-US","message":"Compute Engine API has not been used in project 715232745006 before or it is disabled. Enable it by visiting https://console.developers.google.com/apis/api/compute.googleapis.com/overview?project=715232745006 then retry. If you enabled this API recently, wait a few minutes for the action to propagate to our systems and retry."},{"@type":"type.googleapis.com/google.rpc.Help","links":[{"description":"Google developers console API activation","url":"https://console.developers.google.com/apis/api/compute.googleapis.com/overview?project=715232745006"}]}]}},"response":{"statusCode":403}},"exit":1,"message":"Request to https://compute.googleapis.com/compute/v1/projects/715232745006 had HTTP Error: 403, Compute Engine API has not been used in project 715232745006 before or it is disabled. Enable it by visiting https://console.developers.google.com/apis/api/compute.googleapis.com/overview?project=715232745006 then retry. If you enabled this API recently, wait a few minutes for the action to propagate to our systems and retry.","status":403}
[debug] [2026-01-27T14:54:12.069Z] Checked if tokens are valid: true, expires at: 1769528792411
[debug] [2026-01-27T14:54:12.069Z] Checked if tokens are valid: true, expires at: 1769528792411
[debug] [2026-01-27T14:54:12.069Z] >>> [apiv2][query] GET https://compute.googleapis.com/compute/v1/projects/715232745006 [none]
[debug] [2026-01-27T14:54:12.413Z] <<< [apiv2][status] GET https://compute.googleapis.com/compute/v1/projects/715232745006 403
[debug] [2026-01-27T14:54:12.414Z] <<< [apiv2][body] GET https://compute.googleapis.com/compute/v1/projects/715232745006 {"error":{"code":403,"message":"Compute Engine API has not been used in project 715232745006 before or it is disabled. Enable it by visiting https://console.developers.google.com/apis/api/compute.googleapis.com/overview?project=715232745006 then retry. If you enabled this API recently, wait a few minutes for the action to propagate to our systems and retry.","errors":[{"message":"Compute Engine API has not been used in project 715232745006 before or it is disabled. Enable it by visiting https://console.developers.google.com/apis/api/compute.googleapis.com/overview?project=715232745006 then retry. If you enabled this API recently, wait a few minutes for the action to propagate to our systems and retry.","domain":"usageLimits","reason":"accessNotConfigured","extendedHelp":"https://console.developers.google.com"}],"status":"PERMISSION_DENIED","details":[{"@type":"type.googleapis.com/google.rpc.ErrorInfo","reason":"SERVICE_DISABLED","domain":"googleapis.com","metadata":{"activationUrl":"https://console.developers.google.com/apis/api/compute.googleapis.com/overview?project=715232745006","consumer":"projects/715232745006","containerInfo":"715232745006","serviceTitle":"Compute Engine API","service":"compute.googleapis.com"}},{"@type":"type.googleapis.com/google.rpc.LocalizedMessage","locale":"en-US","message":"Compute Engine API has not been used in project 715232745006 before or it is disabled. Enable it by visiting https://console.developers.google.com/apis/api/compute.googleapis.com/overview?project=715232745006 then retry. If you enabled this API recently, wait a few minutes for the action to propagate to our systems and retry."},{"@type":"type.googleapis.com/google.rpc.Help","links":[{"description":"Google developers console API activation","url":"https://console.developers.google.com/apis/api/compute.googleapis.com/overview?project=715232745006"}]}]}}
[debug] [2026-01-27T14:54:12.415Z] unable to look up default compute service account. Falling back to 715232745006-compute@developer.gserviceaccount.com. Error: {"name":"FirebaseError","children":[],"context":{"body":{"error":{"code":403,"message":"Compute Engine API has not been used in project 715232745006 before or it is disabled. Enable it by visiting https://console.developers.google.com/apis/api/compute.googleapis.com/overview?project=715232745006 then retry. If you enabled this API recently, wait a few minutes for the action to propagate to our systems and retry.","errors":[{"message":"Compute Engine API has not been used in project 715232745006 before or it is disabled. Enable it by visiting https://console.developers.google.com/apis/api/compute.googleapis.com/overview?project=715232745006 then retry. If you enabled this API recently, wait a few minutes for the action to propagate to our systems and retry.","domain":"usageLimits","reason":"accessNotConfigured","extendedHelp":"https://console.developers.google.com"}],"status":"PERMISSION_DENIED","details":[{"@type":"type.googleapis.com/google.rpc.ErrorInfo","reason":"SERVICE_DISABLED","domain":"googleapis.com","metadata":{"activationUrl":"https://console.developers.google.com/apis/api/compute.googleapis.com/overview?project=715232745006","consumer":"projects/715232745006","containerInfo":"715232745006","serviceTitle":"Compute Engine API","service":"compute.googleapis.com"}},{"@type":"type.googleapis.com/google.rpc.LocalizedMessage","locale":"en-US","message":"Compute Engine API has not been used in project 715232745006 before or it is disabled. Enable it by visiting https://console.developers.google.com/apis/api/compute.googleapis.com/overview?project=715232745006 then retry. If you enabled this API recently, wait a few minutes for the action to propagate to our systems and retry."},{"@type":"type.googleapis.com/google.rpc.Help","links":[{"description":"Google developers console API activation","url":"https://console.developers.google.com/apis/api/compute.googleapis.com/overview?project=715232745006"}]}]}},"response":{"statusCode":403}},"exit":1,"message":"Request to https://compute.googleapis.com/compute/v1/projects/715232745006 had HTTP Error: 403, Compute Engine API has not been used in project 715232745006 before or it is disabled. Enable it by visiting https://console.developers.google.com/apis/api/compute.googleapis.com/overview?project=715232745006 then retry. If you enabled this API recently, wait a few minutes for the action to propagate to our systems and retry.","status":403}
[debug] [2026-01-27T14:54:12.420Z] Checked if tokens are valid: true, expires at: 1769528792411
[debug] [2026-01-27T14:54:12.420Z] Checked if tokens are valid: true, expires at: 1769528792411
[debug] [2026-01-27T14:54:12.420Z] >>> [apiv2][query] GET https://cloudbilling.googleapis.com/v1/projects/sentrilock-9db8f/billingInfo [none]
[debug] [2026-01-27T14:54:14.181Z] <<< [apiv2][status] GET https://cloudbilling.googleapis.com/v1/projects/sentrilock-9db8f/billingInfo 200
[debug] [2026-01-27T14:54:14.181Z] <<< [apiv2][body] GET https://cloudbilling.googleapis.com/v1/projects/sentrilock-9db8f/billingInfo {"name":"projects/sentrilock-9db8f/billingInfo","projectId":"sentrilock-9db8f","billingAccountName":"billingAccounts/0157A2-236BC2-2A4E53","billingEnabled":true}
[debug] [2026-01-27T14:54:14.183Z] Checked if tokens are valid: true, expires at: 1769528792411
[debug] [2026-01-27T14:54:14.183Z] Checked if tokens are valid: true, expires at: 1769528792411
[debug] [2026-01-27T14:54:14.183Z] >>> [apiv2][query] POST https://cloudfunctions.googleapis.com/v2/projects/sentrilock-9db8f/locations/us-central1/functions:generateUploadUrl [none]
[debug] [2026-01-27T14:54:15.930Z] <<< [apiv2][status] POST https://cloudfunctions.googleapis.com/v2/projects/sentrilock-9db8f/locations/us-central1/functions:generateUploadUrl 200
[debug] [2026-01-27T14:54:15.931Z] <<< [apiv2][body] POST https://cloudfunctions.googleapis.com/v2/projects/sentrilock-9db8f/locations/us-central1/functions:generateUploadUrl {"uploadUrl":"https://storage.googleapis.com/gcf-v2-uploads-715232745006.us-central1.cloudfunctions.appspot.com/10f1eb23-ad8b-4591-ad05-e0321b59a481.zip?GoogleAccessId=service-715232745006@gcf-admin-robot.iam.gserviceaccount.com&Expires=1769527455&Signature=ieswvC%2FwsJEYCCeOqOhcBOLOp6Hj9X%2B3HmrYpw2prk%2F43DrstjBtsMoo6fzA2D4t3UxmHpmRh26KG0jjlwI%2FVi80pU7DhzdITi%2FkhxdZGjIydaMemUgVuI99%2BALIBKa%2B80eiA8jM5hviC4oFvj2n3tRpihamqfD5pSOGKhdgNSZMgBFgCAnSQHl6qts1U3M05Cv1HY0zvJL%2BvDD5sHDcPqODmJ%2B9zDuhg3SUT4o%2BeG2Htw43h9FLcoCYE7ZmRC3b6%2FLuUi0QZfpEPDkRxwF1wqh%2BmcplZHgFXSHT9am6R2KF3a%2BzxtfpN7ZjamUa2bY1Zq8QAMquxvtr25u3UkOGuA%3D%3D","storageSource":{"bucket":"gcf-v2-uploads-715232745006.us-central1.cloudfunctions.appspot.com","object":"10f1eb23-ad8b-4591-ad05-e0321b59a481.zip"}}
[debug] [2026-01-27T14:54:15.947Z] >>> [apiv2][query] PUT https://storage.googleapis.com/gcf-v2-uploads-715232745006.us-central1.cloudfunctions.appspot.com/10f1eb23-ad8b-4591-ad05-e0321b59a481.zip GoogleAccessId=service-715232745006%40gcf-admin-robot.iam.gserviceaccount.com&Expires=1769527455&Signature=ieswvC%2FwsJEYCCeOqOhcBOLOp6Hj9X%2B3HmrYpw2prk%2F43DrstjBtsMoo6fzA2D4t3UxmHpmRh26KG0jjlwI%2FVi80pU7DhzdITi%2FkhxdZGjIydaMemUgVuI99%2BALIBKa%2B80eiA8jM5hviC4oFvj2n3tRpihamqfD5pSOGKhdgNSZMgBFgCAnSQHl6qts1U3M05Cv1HY0zvJL%2BvDD5sHDcPqODmJ%2B9zDuhg3SUT4o%2BeG2Htw43h9FLcoCYE7ZmRC3b6%2FLuUi0QZfpEPDkRxwF1wqh%2BmcplZHgFXSHT9am6R2KF3a%2BzxtfpN7ZjamUa2bY1Zq8QAMquxvtr25u3UkOGuA%3D%3D
[debug] [2026-01-27T14:54:15.947Z] >>> [apiv2][body] PUT https://storage.googleapis.com/gcf-v2-uploads-715232745006.us-central1.cloudfunctions.appspot.com/10f1eb23-ad8b-4591-ad05-e0321b59a481.zip [stream]
[debug] [2026-01-27T14:54:18.487Z] <<< [apiv2][status] PUT https://storage.googleapis.com/gcf-v2-uploads-715232745006.us-central1.cloudfunctions.appspot.com/10f1eb23-ad8b-4591-ad05-e0321b59a481.zip 200
[debug] [2026-01-27T14:54:18.487Z] <<< [apiv2][body] PUT https://storage.googleapis.com/gcf-v2-uploads-715232745006.us-central1.cloudfunctions.appspot.com/10f1eb23-ad8b-4591-ad05-e0321b59a481.zip [omitted]
[info] ✔  functions: functions source uploaded successfully 
[info] 
The following functions are found in your project but do not exist in your local source code:
	esp32cam(us-central1)

If you are renaming a function or changing its region, it is recommended that you create the new function first before deleting the old one to prevent event loss. For more info, visit https://firebase.google.com/docs/functions/manage-functions#modify

[info] i  functions: creating Node.js 24 (2nd Gen) function onLogCreated(us-central1)... 
[info] i  functions: creating Node.js 24 (2nd Gen) function sendTestNotification(us-central1)... 
[debug] [2026-01-27T14:54:33.145Z] Checked if tokens are valid: true, expires at: 1769528792411
[debug] [2026-01-27T14:54:33.146Z] Checked if tokens are valid: true, expires at: 1769528792411
[debug] [2026-01-27T14:54:33.147Z] >>> [apiv2][query] POST https://cloudfunctions.googleapis.com/v2/projects/sentrilock-9db8f/locations/us-central1/functions functionId=onLogCreated
[debug] [2026-01-27T14:54:33.147Z] >>> [apiv2][body] POST https://cloudfunctions.googleapis.com/v2/projects/sentrilock-9db8f/locations/us-central1/functions {"name":"projects/sentrilock-9db8f/locations/us-central1/functions/onLogCreated","buildConfig":{"runtime":"nodejs24","entryPoint":"onLogCreated","source":{"storageSource":{"bucket":"gcf-v2-uploads-715232745006.us-central1.cloudfunctions.appspot.com","object":"10f1eb23-ad8b-4591-ad05-e0321b59a481.zip"}},"environmentVariables":{"GOOGLE_NODE_RUN_SCRIPTS":""}},"serviceConfig":{"environmentVariables":{"FIREBASE_CONFIG":"{\"projectId\":\"sentrilock-9db8f\",\"storageBucket\":\"sentrilock-9db8f.firebasestorage.app\"}","GCLOUD_PROJECT":"sentrilock-9db8f","EVENTARC_CLOUD_EVENT_SOURCE":"projects/sentrilock-9db8f/locations/us-central1/services/onLogCreated","FUNCTION_SIGNATURE_TYPE":"cloudevent","FUNCTION_TARGET":"onLogCreated","LOG_EXECUTION_ID":"true"},"ingressSettings":null,"timeoutSeconds":null,"serviceAccountEmail":null,"availableMemory":"256Mi","minInstanceCount":null,"maxInstanceCount":null,"maxInstanceRequestConcurrency":80,"availableCpu":"1","vpcConnector":null,"vpcConnectorEgressSettings":null},"labels":{"deployment-tool":"cli-firebase","firebase-functions-hash":"7296f29d2ceb2d3da0c87503ddc706864462b2ce"},"eventTrigger":{"eventType":"google.cloud.firestore.document.v1.created","retryPolicy":"RETRY_POLICY_DO_NOT_RETRY","eventFilters":[{"attribute":"database","value":"(default)"},{"attribute":"namespace","value":"(default)"},{"attribute":"document","value":"logs/{logId}","operator":"match-path-pattern"}],"triggerRegion":"asia-southeast1"}}
[debug] [2026-01-27T14:54:51.453Z] <<< [apiv2][status] POST https://cloudfunctions.googleapis.com/v2/projects/sentrilock-9db8f/locations/us-central1/functions 400
[debug] [2026-01-27T14:54:51.453Z] <<< [apiv2][body] POST https://cloudfunctions.googleapis.com/v2/projects/sentrilock-9db8f/locations/us-central1/functions {"error":{"code":400,"message":"Validation failed for trigger projects/sentrilock-9db8f/locations/asia-southeast1/triggers/onlogcreated-676103: Invalid resource state for \"\": Permission denied while using the Eventarc Service Agent. If you recently started to use Eventarc, it may take a few minutes before all necessary permissions are propagated to the Service Agent. Otherwise, verify that it has Eventarc Service Agent role.","status":"FAILED_PRECONDITION"}}
[warn] ⚠  functions: Request to https://cloudfunctions.googleapis.com/v2/projects/sentrilock-9db8f/locations/us-central1/functions?functionId=onLogCreated had HTTP Error: 400, Validation failed for trigger projects/sentrilock-9db8f/locations/asia-southeast1/triggers/onlogcreated-676103: Invalid resource state for "": Permission denied while using the Eventarc Service Agent. If you recently started to use Eventarc, it may take a few minutes before all necessary permissions are propagated to the Service Agent. Otherwise, verify that it has Eventarc Service Agent role. 
[warn] ⚠  functions: Since this is your first time using 2nd gen functions, we need a little bit longer to finish setting everything up. Retry the deployment in a few minutes. 
[warn] ⚠  functions:  failed to create function projects/sentrilock-9db8f/locations/us-central1/functions/onLogCreated 
[error] Failed to create function projects/sentrilock-9db8f/locations/us-central1/functions/onLogCreated
[debug] [2026-01-27T14:54:51.456Z] Checked if tokens are valid: true, expires at: 1769528792411
[debug] [2026-01-27T14:54:51.456Z] Checked if tokens are valid: true, expires at: 1769528792411
[debug] [2026-01-27T14:54:51.457Z] >>> [apiv2][query] POST https://cloudfunctions.googleapis.com/v2/projects/sentrilock-9db8f/locations/us-central1/functions functionId=sendTestNotification
[debug] [2026-01-27T14:54:51.457Z] >>> [apiv2][body] POST https://cloudfunctions.googleapis.com/v2/projects/sentrilock-9db8f/locations/us-central1/functions {"name":"projects/sentrilock-9db8f/locations/us-central1/functions/sendTestNotification","buildConfig":{"runtime":"nodejs24","entryPoint":"sendTestNotification","source":{"storageSource":{"bucket":"gcf-v2-uploads-715232745006.us-central1.cloudfunctions.appspot.com","object":"10f1eb23-ad8b-4591-ad05-e0321b59a481.zip"}},"environmentVariables":{"GOOGLE_NODE_RUN_SCRIPTS":""}},"serviceConfig":{"environmentVariables":{"FIREBASE_CONFIG":"{\"projectId\":\"sentrilock-9db8f\",\"storageBucket\":\"sentrilock-9db8f.firebasestorage.app\"}","GCLOUD_PROJECT":"sentrilock-9db8f","EVENTARC_CLOUD_EVENT_SOURCE":"projects/sentrilock-9db8f/locations/us-central1/services/sendTestNotification","FUNCTION_TARGET":"sendTestNotification","LOG_EXECUTION_ID":"true"},"ingressSettings":null,"timeoutSeconds":null,"serviceAccountEmail":null,"availableMemory":"256Mi","minInstanceCount":null,"maxInstanceCount":null,"maxInstanceRequestConcurrency":80,"availableCpu":"1","vpcConnector":null,"vpcConnectorEgressSettings":null},"labels":{"deployment-tool":"cli-firebase","deployment-callable":"true","firebase-functions-hash":"7296f29d2ceb2d3da0c87503ddc706864462b2ce"}}
[debug] [2026-01-27T14:54:53.259Z] <<< [apiv2][status] POST https://cloudfunctions.googleapis.com/v2/projects/sentrilock-9db8f/locations/us-central1/functions 200
[debug] [2026-01-27T14:54:53.259Z] <<< [apiv2][body] POST https://cloudfunctions.googleapis.com/v2/projects/sentrilock-9db8f/locations/us-central1/functions {"name":"projects/sentrilock-9db8f/locations/us-central1/operations/operation-1769525692522-6495fce52dff2-271893c1-4db4d4bc","metadata":{"@type":"type.googleapis.com/google.cloud.functions.v2.OperationMetadata","createTime":"2026-01-27T14:54:52.987090561Z","target":"projects/sentrilock-9db8f/locations/us-central1/functions/sendTestNotification","verb":"create","cancelRequested":false,"apiVersion":"v2"},"done":false}
[debug] [2026-01-27T14:54:53.262Z] Checked if tokens are valid: true, expires at: 1769528792411
[debug] [2026-01-27T14:54:53.262Z] Checked if tokens are valid: true, expires at: 1769528792411
[debug] [2026-01-27T14:54:53.263Z] >>> [apiv2][query] GET https://cloudfunctions.googleapis.com/v2/projects/sentrilock-9db8f/locations/us-central1/operations/operation-1769525692522-6495fce52dff2-271893c1-4db4d4bc [none]
[debug] [2026-01-27T14:54:54.484Z] <<< [apiv2][status] GET https://cloudfunctions.googleapis.com/v2/projects/sentrilock-9db8f/locations/us-central1/operations/operation-1769525692522-6495fce52dff2-271893c1-4db4d4bc 200
[debug] [2026-01-27T14:54:54.485Z] <<< [apiv2][body] GET https://cloudfunctions.googleapis.com/v2/projects/sentrilock-9db8f/locations/us-central1/operations/operation-1769525692522-6495fce52dff2-271893c1-4db4d4bc {"name":"projects/sentrilock-9db8f/locations/us-central1/operations/operation-1769525692522-6495fce52dff2-271893c1-4db4d4bc","metadata":{"@type":"type.googleapis.com/google.cloud.functions.v2.OperationMetadata","createTime":"2026-01-27T14:54:52.987090561Z","target":"projects/sentrilock-9db8f/locations/us-central1/functions/sendTestNotification","verb":"create","cancelRequested":false,"apiVersion":"v2","requestResource":{"@type":"type.googleapis.com/google.cloud.functions.v2.Function","name":"projects/sentrilock-9db8f/locations/us-central1/functions/sendTestNotification","buildConfig":{"runtime":"nodejs24","entryPoint":"sendTestNotification","source":{"storageSource":{"bucket":"gcf-v2-sources-715232745006-us-central1","object":"sendTestNotification/function-source.zip","generation":"1769525692735348"}},"environmentVariables":{"GOOGLE_NODE_RUN_SCRIPTS":""},"serviceAccount":"projects/sentrilock-9db8f/serviceAccounts/715232745006-compute@developer.gserviceaccount.com","automaticUpdatePolicy":{}},"serviceConfig":{"service":"projects/sentrilock-9db8f/locations/us-central1/services/sendtestnotification","timeoutSeconds":60,"environmentVariables":{"FIREBASE_CONFIG":"{\"projectId\":\"sentrilock-9db8f\",\"storageBucket\":\"sentrilock-9db8f.firebasestorage.app\"}","GCLOUD_PROJECT":"sentrilock-9db8f","EVENTARC_CLOUD_EVENT_SOURCE":"projects/sentrilock-9db8f/locations/us-central1/services/sendTestNotification","FUNCTION_TARGET":"sendTestNotification","LOG_EXECUTION_ID":"true"},"ingressSettings":"ALLOW_ALL","serviceAccountEmail":"715232745006-compute@developer.gserviceaccount.com","availableMemory":"256Mi","maxInstanceRequestConcurrency":80,"availableCpu":"1"},"labels":{"deployment-tool":"cli-firebase","deployment-callable":"true","firebase-functions-hash":"7296f29d2ceb2d3da0c87503ddc706864462b2ce"},"environment":"GEN_2"},"stages":[{"name":"BUILD","message":"Build in progress","state":"IN_PROGRESS","resource":"projects/715232745006/locations/us-central1/builds/32263b27-7a18-43f9-bd79-a37e916966be","resourceUri":"https://console.cloud.google.com/cloud-build/builds;region=us-central1/32263b27-7a18-43f9-bd79-a37e916966be?project=715232745006"},{"name":"SERVICE","state":"NOT_STARTED"}],"operationType":"CREATE_FUNCTION","buildName":"projects/715232745006/locations/us-central1/builds/32263b27-7a18-43f9-bd79-a37e916966be"},"done":false}
[debug] [2026-01-27T14:54:54.986Z] [create-default-us-central1-sendTestNotification] Retrying task index 0
[debug] [2026-01-27T14:54:54.987Z] Checked if tokens are valid: true, expires at: 1769528792411
[debug] [2026-01-27T14:54:54.988Z] Checked if tokens are valid: true, expires at: 1769528792411
[debug] [2026-01-27T14:54:54.988Z] >>> [apiv2][query] GET https://cloudfunctions.googleapis.com/v2/projects/sentrilock-9db8f/locations/us-central1/operations/operation-1769525692522-6495fce52dff2-271893c1-4db4d4bc [none]
[debug] [2026-01-27T14:54:56.438Z] <<< [apiv2][status] GET https://cloudfunctions.googleapis.com/v2/projects/sentrilock-9db8f/locations/us-central1/operations/operation-1769525692522-6495fce52dff2-271893c1-4db4d4bc 200
[debug] [2026-01-27T14:54:56.439Z] <<< [apiv2][body] GET https://cloudfunctions.googleapis.com/v2/projects/sentrilock-9db8f/locations/us-central1/operations/operation-1769525692522-6495fce52dff2-271893c1-4db4d4bc {"name":"projects/sentrilock-9db8f/locations/us-central1/operations/operation-1769525692522-6495fce52dff2-271893c1-4db4d4bc","metadata":{"@type":"type.googleapis.com/google.cloud.functions.v2.OperationMetadata","createTime":"2026-01-27T14:54:52.987090561Z","target":"projects/sentrilock-9db8f/locations/us-central1/functions/sendTestNotification","verb":"create","cancelRequested":false,"apiVersion":"v2","requestResource":{"@type":"type.googleapis.com/google.cloud.functions.v2.Function","name":"projects/sentrilock-9db8f/locations/us-central1/functions/sendTestNotification","buildConfig":{"runtime":"nodejs24","entryPoint":"sendTestNotification","source":{"storageSource":{"bucket":"gcf-v2-sources-715232745006-us-central1","object":"sendTestNotification/function-source.zip","generation":"1769525692735348"}},"environmentVariables":{"GOOGLE_NODE_RUN_SCRIPTS":""},"serviceAccount":"projects/sentrilock-9db8f/serviceAccounts/715232745006-compute@developer.gserviceaccount.com","automaticUpdatePolicy":{}},"serviceConfig":{"service":"projects/sentrilock-9db8f/locations/us-central1/services/sendtestnotification","timeoutSeconds":60,"environmentVariables":{"FIREBASE_CONFIG":"{\"projectId\":\"sentrilock-9db8f\",\"storageBucket\":\"sentrilock-9db8f.firebasestorage.app\"}","GCLOUD_PROJECT":"sentrilock-9db8f","EVENTARC_CLOUD_EVENT_SOURCE":"projects/sentrilock-9db8f/locations/us-central1/services/sendTestNotification","FUNCTION_TARGET":"sendTestNotification","LOG_EXECUTION_ID":"true"},"ingressSettings":"ALLOW_ALL","serviceAccountEmail":"715232745006-compute@developer.gserviceaccount.com","availableMemory":"256Mi","maxInstanceRequestConcurrency":80,"availableCpu":"1"},"labels":{"deployment-tool":"cli-firebase","deployment-callable":"true","firebase-functions-hash":"7296f29d2ceb2d3da0c87503ddc706864462b2ce"},"environment":"GEN_2"},"stages":[{"name":"BUILD","message":"Build in progress","state":"IN_PROGRESS","resource":"projects/715232745006/locations/us-central1/builds/32263b27-7a18-43f9-bd79-a37e916966be","resourceUri":"https://console.cloud.google.com/cloud-build/builds;region=us-central1/32263b27-7a18-43f9-bd79-a37e916966be?project=715232745006"},{"name":"SERVICE","state":"NOT_STARTED"}],"operationType":"CREATE_FUNCTION","buildName":"projects/715232745006/locations/us-central1/builds/32263b27-7a18-43f9-bd79-a37e916966be"},"done":false}
[debug] [2026-01-27T14:54:57.441Z] [create-default-us-central1-sendTestNotification] Retrying task index 0
[debug] [2026-01-27T14:54:57.443Z] Checked if tokens are valid: true, expires at: 1769528792411
[debug] [2026-01-27T14:54:57.443Z] Checked if tokens are valid: true, expires at: 1769528792411
[debug] [2026-01-27T14:54:57.444Z] >>> [apiv2][query] GET https://cloudfunctions.googleapis.com/v2/projects/sentrilock-9db8f/locations/us-central1/operations/operation-1769525692522-6495fce52dff2-271893c1-4db4d4bc [none]
[debug] [2026-01-27T14:54:58.548Z] <<< [apiv2][status] GET https://cloudfunctions.googleapis.com/v2/projects/sentrilock-9db8f/locations/us-central1/operations/operation-1769525692522-6495fce52dff2-271893c1-4db4d4bc 200
[debug] [2026-01-27T14:54:58.548Z] <<< [apiv2][body] GET https://cloudfunctions.googleapis.com/v2/projects/sentrilock-9db8f/locations/us-central1/operations/operation-1769525692522-6495fce52dff2-271893c1-4db4d4bc {"name":"projects/sentrilock-9db8f/locations/us-central1/operations/operation-1769525692522-6495fce52dff2-271893c1-4db4d4bc","metadata":{"@type":"type.googleapis.com/google.cloud.functions.v2.OperationMetadata","createTime":"2026-01-27T14:54:52.987090561Z","target":"projects/sentrilock-9db8f/locations/us-central1/functions/sendTestNotification","verb":"create","cancelRequested":false,"apiVersion":"v2","requestResource":{"@type":"type.googleapis.com/google.cloud.functions.v2.Function","name":"projects/sentrilock-9db8f/locations/us-central1/functions/sendTestNotification","buildConfig":{"runtime":"nodejs24","entryPoint":"sendTestNotification","source":{"storageSource":{"bucket":"gcf-v2-sources-715232745006-us-central1","object":"sendTestNotification/function-source.zip","generation":"1769525692735348"}},"environmentVariables":{"GOOGLE_NODE_RUN_SCRIPTS":""},"serviceAccount":"projects/sentrilock-9db8f/serviceAccounts/715232745006-compute@developer.gserviceaccount.com","automaticUpdatePolicy":{}},"serviceConfig":{"service":"projects/sentrilock-9db8f/locations/us-central1/services/sendtestnotification","timeoutSeconds":60,"environmentVariables":{"FIREBASE_CONFIG":"{\"projectId\":\"sentrilock-9db8f\",\"storageBucket\":\"sentrilock-9db8f.firebasestorage.app\"}","GCLOUD_PROJECT":"sentrilock-9db8f","EVENTARC_CLOUD_EVENT_SOURCE":"projects/sentrilock-9db8f/locations/us-central1/services/sendTestNotification","FUNCTION_TARGET":"sendTestNotification","LOG_EXECUTION_ID":"true"},"ingressSettings":"ALLOW_ALL","serviceAccountEmail":"715232745006-compute@developer.gserviceaccount.com","availableMemory":"256Mi","maxInstanceRequestConcurrency":80,"availableCpu":"1"},"labels":{"deployment-tool":"cli-firebase","deployment-callable":"true","firebase-functions-hash":"7296f29d2ceb2d3da0c87503ddc706864462b2ce"},"environment":"GEN_2"},"stages":[{"name":"BUILD","message":"Build in progress","state":"IN_PROGRESS","resource":"projects/715232745006/locations/us-central1/builds/32263b27-7a18-43f9-bd79-a37e916966be","resourceUri":"https://console.cloud.google.com/cloud-build/builds;region=us-central1/32263b27-7a18-43f9-bd79-a37e916966be?project=715232745006"},{"name":"SERVICE","state":"NOT_STARTED"}],"operationType":"CREATE_FUNCTION","buildName":"projects/715232745006/locations/us-central1/builds/32263b27-7a18-43f9-bd79-a37e916966be"},"done":false}
[debug] [2026-01-27T14:55:00.550Z] [create-default-us-central1-sendTestNotification] Retrying task index 0
[debug] [2026-01-27T14:55:00.551Z] Checked if tokens are valid: true, expires at: 1769528792411
[debug] [2026-01-27T14:55:00.551Z] Checked if tokens are valid: true, expires at: 1769528792411
[debug] [2026-01-27T14:55:00.551Z] >>> [apiv2][query] GET https://cloudfunctions.googleapis.com/v2/projects/sentrilock-9db8f/locations/us-central1/operations/operation-1769525692522-6495fce52dff2-271893c1-4db4d4bc [none]
[debug] [2026-01-27T14:55:02.116Z] <<< [apiv2][status] GET https://cloudfunctions.googleapis.com/v2/projects/sentrilock-9db8f/locations/us-central1/operations/operation-1769525692522-6495fce52dff2-271893c1-4db4d4bc 200
[debug] [2026-01-27T14:55:02.117Z] <<< [apiv2][body] GET https://cloudfunctions.googleapis.com/v2/projects/sentrilock-9db8f/locations/us-central1/operations/operation-1769525692522-6495fce52dff2-271893c1-4db4d4bc {"name":"projects/sentrilock-9db8f/locations/us-central1/operations/operation-1769525692522-6495fce52dff2-271893c1-4db4d4bc","metadata":{"@type":"type.googleapis.com/google.cloud.functions.v2.OperationMetadata","createTime":"2026-01-27T14:54:52.987090561Z","target":"projects/sentrilock-9db8f/locations/us-central1/functions/sendTestNotification","verb":"create","cancelRequested":false,"apiVersion":"v2","requestResource":{"@type":"type.googleapis.com/google.cloud.functions.v2.Function","name":"projects/sentrilock-9db8f/locations/us-central1/functions/sendTestNotification","buildConfig":{"runtime":"nodejs24","entryPoint":"sendTestNotification","source":{"storageSource":{"bucket":"gcf-v2-sources-715232745006-us-central1","object":"sendTestNotification/function-source.zip","generation":"1769525692735348"}},"environmentVariables":{"GOOGLE_NODE_RUN_SCRIPTS":""},"serviceAccount":"projects/sentrilock-9db8f/serviceAccounts/715232745006-compute@developer.gserviceaccount.com","automaticUpdatePolicy":{}},"serviceConfig":{"service":"projects/sentrilock-9db8f/locations/us-central1/services/sendtestnotification","timeoutSeconds":60,"environmentVariables":{"FIREBASE_CONFIG":"{\"projectId\":\"sentrilock-9db8f\",\"storageBucket\":\"sentrilock-9db8f.firebasestorage.app\"}","GCLOUD_PROJECT":"sentrilock-9db8f","EVENTARC_CLOUD_EVENT_SOURCE":"projects/sentrilock-9db8f/locations/us-central1/services/sendTestNotification","FUNCTION_TARGET":"sendTestNotification","LOG_EXECUTION_ID":"true"},"ingressSettings":"ALLOW_ALL","serviceAccountEmail":"715232745006-compute@developer.gserviceaccount.com","availableMemory":"256Mi","maxInstanceRequestConcurrency":80,"availableCpu":"1"},"labels":{"deployment-tool":"cli-firebase","deployment-callable":"true","firebase-functions-hash":"7296f29d2ceb2d3da0c87503ddc706864462b2ce"},"environment":"GEN_2"},"stages":[{"name":"BUILD","message":"Build in progress","state":"IN_PROGRESS","resource":"projects/715232745006/locations/us-central1/builds/32263b27-7a18-43f9-bd79-a37e916966be","resourceUri":"https://console.cloud.google.com/cloud-build/builds;region=us-central1/32263b27-7a18-43f9-bd79-a37e916966be?project=715232745006"},{"name":"SERVICE","state":"NOT_STARTED"}],"operationType":"CREATE_FUNCTION","buildName":"projects/715232745006/locations/us-central1/builds/32263b27-7a18-43f9-bd79-a37e916966be"},"done":false}
[debug] [2026-01-27T14:55:06.120Z] [create-default-us-central1-sendTestNotification] Retrying task index 0
[debug] [2026-01-27T14:55:06.121Z] Checked if tokens are valid: true, expires at: 1769528792411
[debug] [2026-01-27T14:55:06.122Z] Checked if tokens are valid: true, expires at: 1769528792411
[debug] [2026-01-27T14:55:06.122Z] >>> [apiv2][query] GET https://cloudfunctions.googleapis.com/v2/projects/sentrilock-9db8f/locations/us-central1/operations/operation-1769525692522-6495fce52dff2-271893c1-4db4d4bc [none]
[debug] [2026-01-27T14:55:07.217Z] <<< [apiv2][status] GET https://cloudfunctions.googleapis.com/v2/projects/sentrilock-9db8f/locations/us-central1/operations/operation-1769525692522-6495fce52dff2-271893c1-4db4d4bc 200
[debug] [2026-01-27T14:55:07.217Z] <<< [apiv2][body] GET https://cloudfunctions.googleapis.com/v2/projects/sentrilock-9db8f/locations/us-central1/operations/operation-1769525692522-6495fce52dff2-271893c1-4db4d4bc {"name":"projects/sentrilock-9db8f/locations/us-central1/operations/operation-1769525692522-6495fce52dff2-271893c1-4db4d4bc","metadata":{"@type":"type.googleapis.com/google.cloud.functions.v2.OperationMetadata","createTime":"2026-01-27T14:54:52.987090561Z","target":"projects/sentrilock-9db8f/locations/us-central1/functions/sendTestNotification","verb":"create","cancelRequested":false,"apiVersion":"v2","requestResource":{"@type":"type.googleapis.com/google.cloud.functions.v2.Function","name":"projects/sentrilock-9db8f/locations/us-central1/functions/sendTestNotification","buildConfig":{"runtime":"nodejs24","entryPoint":"sendTestNotification","source":{"storageSource":{"bucket":"gcf-v2-sources-715232745006-us-central1","object":"sendTestNotification/function-source.zip","generation":"1769525692735348"}},"environmentVariables":{"GOOGLE_NODE_RUN_SCRIPTS":""},"serviceAccount":"projects/sentrilock-9db8f/serviceAccounts/715232745006-compute@developer.gserviceaccount.com","automaticUpdatePolicy":{}},"serviceConfig":{"service":"projects/sentrilock-9db8f/locations/us-central1/services/sendtestnotification","timeoutSeconds":60,"environmentVariables":{"FIREBASE_CONFIG":"{\"projectId\":\"sentrilock-9db8f\",\"storageBucket\":\"sentrilock-9db8f.firebasestorage.app\"}","GCLOUD_PROJECT":"sentrilock-9db8f","EVENTARC_CLOUD_EVENT_SOURCE":"projects/sentrilock-9db8f/locations/us-central1/services/sendTestNotification","FUNCTION_TARGET":"sendTestNotification","LOG_EXECUTION_ID":"true"},"ingressSettings":"ALLOW_ALL","serviceAccountEmail":"715232745006-compute@developer.gserviceaccount.com","availableMemory":"256Mi","maxInstanceRequestConcurrency":80,"availableCpu":"1"},"labels":{"deployment-tool":"cli-firebase","deployment-callable":"true","firebase-functions-hash":"7296f29d2ceb2d3da0c87503ddc706864462b2ce"},"environment":"GEN_2"},"stages":[{"name":"BUILD","message":"Build in progress","state":"IN_PROGRESS","resource":"projects/715232745006/locations/us-central1/builds/32263b27-7a18-43f9-bd79-a37e916966be","resourceUri":"https://console.cloud.google.com/cloud-build/builds;region=us-central1/32263b27-7a18-43f9-bd79-a37e916966be?project=715232745006"},{"name":"SERVICE","state":"NOT_STARTED"}],"operationType":"CREATE_FUNCTION","buildName":"projects/715232745006/locations/us-central1/builds/32263b27-7a18-43f9-bd79-a37e916966be"},"done":false}
[debug] [2026-01-27T14:55:15.221Z] [create-default-us-central1-sendTestNotification] Retrying task index 0
[debug] [2026-01-27T14:55:15.222Z] Checked if tokens are valid: true, expires at: 1769528792411
[debug] [2026-01-27T14:55:15.222Z] Checked if tokens are valid: true, expires at: 1769528792411
[debug] [2026-01-27T14:55:15.223Z] >>> [apiv2][query] GET https://cloudfunctions.googleapis.com/v2/projects/sentrilock-9db8f/locations/us-central1/operations/operation-1769525692522-6495fce52dff2-271893c1-4db4d4bc [none]
[debug] [2026-01-27T14:55:17.278Z] <<< [apiv2][status] GET https://cloudfunctions.googleapis.com/v2/projects/sentrilock-9db8f/locations/us-central1/operations/operation-1769525692522-6495fce52dff2-271893c1-4db4d4bc 200
[debug] [2026-01-27T14:55:17.279Z] <<< [apiv2][body] GET https://cloudfunctions.googleapis.com/v2/projects/sentrilock-9db8f/locations/us-central1/operations/operation-1769525692522-6495fce52dff2-271893c1-4db4d4bc {"name":"projects/sentrilock-9db8f/locations/us-central1/operations/operation-1769525692522-6495fce52dff2-271893c1-4db4d4bc","metadata":{"@type":"type.googleapis.com/google.cloud.functions.v2.OperationMetadata","createTime":"2026-01-27T14:54:52.987090561Z","target":"projects/sentrilock-9db8f/locations/us-central1/functions/sendTestNotification","verb":"create","cancelRequested":false,"apiVersion":"v2","requestResource":{"@type":"type.googleapis.com/google.cloud.functions.v2.Function","name":"projects/sentrilock-9db8f/locations/us-central1/functions/sendTestNotification","buildConfig":{"runtime":"nodejs24","entryPoint":"sendTestNotification","source":{"storageSource":{"bucket":"gcf-v2-sources-715232745006-us-central1","object":"sendTestNotification/function-source.zip","generation":"1769525692735348"}},"environmentVariables":{"GOOGLE_NODE_RUN_SCRIPTS":""},"serviceAccount":"projects/sentrilock-9db8f/serviceAccounts/715232745006-compute@developer.gserviceaccount.com","automaticUpdatePolicy":{}},"serviceConfig":{"service":"projects/sentrilock-9db8f/locations/us-central1/services/sendtestnotification","timeoutSeconds":60,"environmentVariables":{"FIREBASE_CONFIG":"{\"projectId\":\"sentrilock-9db8f\",\"storageBucket\":\"sentrilock-9db8f.firebasestorage.app\"}","GCLOUD_PROJECT":"sentrilock-9db8f","EVENTARC_CLOUD_EVENT_SOURCE":"projects/sentrilock-9db8f/locations/us-central1/services/sendTestNotification","FUNCTION_TARGET":"sendTestNotification","LOG_EXECUTION_ID":"true"},"ingressSettings":"ALLOW_ALL","serviceAccountEmail":"715232745006-compute@developer.gserviceaccount.com","availableMemory":"256Mi","maxInstanceRequestConcurrency":80,"availableCpu":"1"},"labels":{"deployment-tool":"cli-firebase","deployment-callable":"true","firebase-functions-hash":"7296f29d2ceb2d3da0c87503ddc706864462b2ce"},"environment":"GEN_2"},"stages":[{"name":"BUILD","message":"Build in progress","state":"IN_PROGRESS","resource":"projects/715232745006/locations/us-central1/builds/32263b27-7a18-43f9-bd79-a37e916966be","resourceUri":"https://console.cloud.google.com/cloud-build/builds;region=us-central1/32263b27-7a18-43f9-bd79-a37e916966be?project=715232745006"},{"name":"SERVICE","state":"NOT_STARTED"}],"operationType":"CREATE_FUNCTION","buildName":"projects/715232745006/locations/us-central1/builds/32263b27-7a18-43f9-bd79-a37e916966be"},"done":false}
[debug] [2026-01-27T14:55:27.285Z] [create-default-us-central1-sendTestNotification] Retrying task index 0
[debug] [2026-01-27T14:55:27.286Z] Checked if tokens are valid: true, expires at: 1769528792411
[debug] [2026-01-27T14:55:27.287Z] Checked if tokens are valid: true, expires at: 1769528792411
[debug] [2026-01-27T14:55:27.288Z] >>> [apiv2][query] GET https://cloudfunctions.googleapis.com/v2/projects/sentrilock-9db8f/locations/us-central1/operations/operation-1769525692522-6495fce52dff2-271893c1-4db4d4bc [none]
[debug] [2026-01-27T14:55:29.567Z] <<< [apiv2][status] GET https://cloudfunctions.googleapis.com/v2/projects/sentrilock-9db8f/locations/us-central1/operations/operation-1769525692522-6495fce52dff2-271893c1-4db4d4bc 200
[debug] [2026-01-27T14:55:29.568Z] <<< [apiv2][body] GET https://cloudfunctions.googleapis.com/v2/projects/sentrilock-9db8f/locations/us-central1/operations/operation-1769525692522-6495fce52dff2-271893c1-4db4d4bc {"name":"projects/sentrilock-9db8f/locations/us-central1/operations/operation-1769525692522-6495fce52dff2-271893c1-4db4d4bc","metadata":{"@type":"type.googleapis.com/google.cloud.functions.v2.OperationMetadata","createTime":"2026-01-27T14:54:52.987090561Z","target":"projects/sentrilock-9db8f/locations/us-central1/functions/sendTestNotification","verb":"create","cancelRequested":false,"apiVersion":"v2","requestResource":{"@type":"type.googleapis.com/google.cloud.functions.v2.Function","name":"projects/sentrilock-9db8f/locations/us-central1/functions/sendTestNotification","buildConfig":{"runtime":"nodejs24","entryPoint":"sendTestNotification","source":{"storageSource":{"bucket":"gcf-v2-sources-715232745006-us-central1","object":"sendTestNotification/function-source.zip","generation":"1769525692735348"}},"environmentVariables":{"GOOGLE_NODE_RUN_SCRIPTS":""},"serviceAccount":"projects/sentrilock-9db8f/serviceAccounts/715232745006-compute@developer.gserviceaccount.com","automaticUpdatePolicy":{}},"serviceConfig":{"service":"projects/sentrilock-9db8f/locations/us-central1/services/sendtestnotification","timeoutSeconds":60,"environmentVariables":{"FIREBASE_CONFIG":"{\"projectId\":\"sentrilock-9db8f\",\"storageBucket\":\"sentrilock-9db8f.firebasestorage.app\"}","GCLOUD_PROJECT":"sentrilock-9db8f","EVENTARC_CLOUD_EVENT_SOURCE":"projects/sentrilock-9db8f/locations/us-central1/services/sendTestNotification","FUNCTION_TARGET":"sendTestNotification","LOG_EXECUTION_ID":"true"},"ingressSettings":"ALLOW_ALL","serviceAccountEmail":"715232745006-compute@developer.gserviceaccount.com","availableMemory":"256Mi","maxInstanceRequestConcurrency":80,"availableCpu":"1"},"labels":{"deployment-tool":"cli-firebase","deployment-callable":"true","firebase-functions-hash":"7296f29d2ceb2d3da0c87503ddc706864462b2ce"},"environment":"GEN_2"},"stages":[{"name":"BUILD","message":"Build in progress","state":"IN_PROGRESS","resource":"projects/715232745006/locations/us-central1/builds/32263b27-7a18-43f9-bd79-a37e916966be","resourceUri":"https://console.cloud.google.com/cloud-build/builds;region=us-central1/32263b27-7a18-43f9-bd79-a37e916966be?project=715232745006"},{"name":"SERVICE","state":"NOT_STARTED"}],"operationType":"CREATE_FUNCTION","buildName":"projects/715232745006/locations/us-central1/builds/32263b27-7a18-43f9-bd79-a37e916966be"},"done":false}
[debug] [2026-01-27T14:55:39.573Z] [create-default-us-central1-sendTestNotification] Retrying task index 0
[debug] [2026-01-27T14:55:39.574Z] Checked if tokens are valid: true, expires at: 1769528792411
[debug] [2026-01-27T14:55:39.574Z] Checked if tokens are valid: true, expires at: 1769528792411
[debug] [2026-01-27T14:55:39.575Z] >>> [apiv2][query] GET https://cloudfunctions.googleapis.com/v2/projects/sentrilock-9db8f/locations/us-central1/operations/operation-1769525692522-6495fce52dff2-271893c1-4db4d4bc [none]
[debug] [2026-01-27T14:55:41.222Z] <<< [apiv2][status] GET https://cloudfunctions.googleapis.com/v2/projects/sentrilock-9db8f/locations/us-central1/operations/operation-1769525692522-6495fce52dff2-271893c1-4db4d4bc 200
[debug] [2026-01-27T14:55:41.223Z] <<< [apiv2][body] GET https://cloudfunctions.googleapis.com/v2/projects/sentrilock-9db8f/locations/us-central1/operations/operation-1769525692522-6495fce52dff2-271893c1-4db4d4bc {"name":"projects/sentrilock-9db8f/locations/us-central1/operations/operation-1769525692522-6495fce52dff2-271893c1-4db4d4bc","metadata":{"@type":"type.googleapis.com/google.cloud.functions.v2.OperationMetadata","createTime":"2026-01-27T14:54:52.987090561Z","target":"projects/sentrilock-9db8f/locations/us-central1/functions/sendTestNotification","verb":"create","cancelRequested":false,"apiVersion":"v2","requestResource":{"@type":"type.googleapis.com/google.cloud.functions.v2.Function","name":"projects/sentrilock-9db8f/locations/us-central1/functions/sendTestNotification","buildConfig":{"runtime":"nodejs24","entryPoint":"sendTestNotification","source":{"storageSource":{"bucket":"gcf-v2-sources-715232745006-us-central1","object":"sendTestNotification/function-source.zip","generation":"1769525692735348"}},"environmentVariables":{"GOOGLE_NODE_RUN_SCRIPTS":""},"serviceAccount":"projects/sentrilock-9db8f/serviceAccounts/715232745006-compute@developer.gserviceaccount.com","automaticUpdatePolicy":{}},"serviceConfig":{"service":"projects/sentrilock-9db8f/locations/us-central1/services/sendtestnotification","timeoutSeconds":60,"environmentVariables":{"FIREBASE_CONFIG":"{\"projectId\":\"sentrilock-9db8f\",\"storageBucket\":\"sentrilock-9db8f.firebasestorage.app\"}","GCLOUD_PROJECT":"sentrilock-9db8f","EVENTARC_CLOUD_EVENT_SOURCE":"projects/sentrilock-9db8f/locations/us-central1/services/sendTestNotification","FUNCTION_TARGET":"sendTestNotification","LOG_EXECUTION_ID":"true"},"ingressSettings":"ALLOW_ALL","serviceAccountEmail":"715232745006-compute@developer.gserviceaccount.com","availableMemory":"256Mi","maxInstanceRequestConcurrency":80,"availableCpu":"1"},"labels":{"deployment-tool":"cli-firebase","deployment-callable":"true","firebase-functions-hash":"7296f29d2ceb2d3da0c87503ddc706864462b2ce"},"environment":"GEN_2"},"stages":[{"name":"BUILD","message":"Build in progress","state":"IN_PROGRESS","resource":"projects/715232745006/locations/us-central1/builds/32263b27-7a18-43f9-bd79-a37e916966be","resourceUri":"https://console.cloud.google.com/cloud-build/builds;region=us-central1/32263b27-7a18-43f9-bd79-a37e916966be?project=715232745006"},{"name":"SERVICE","state":"NOT_STARTED"}],"operationType":"CREATE_FUNCTION","buildName":"projects/715232745006/locations/us-central1/builds/32263b27-7a18-43f9-bd79-a37e916966be"},"done":false}
[debug] [2026-01-27T14:55:51.230Z] [create-default-us-central1-sendTestNotification] Retrying task index 0
[debug] [2026-01-27T14:55:51.232Z] Checked if tokens are valid: true, expires at: 1769528792411
[debug] [2026-01-27T14:55:51.233Z] Checked if tokens are valid: true, expires at: 1769528792411
[debug] [2026-01-27T14:55:51.234Z] >>> [apiv2][query] GET https://cloudfunctions.googleapis.com/v2/projects/sentrilock-9db8f/locations/us-central1/operations/operation-1769525692522-6495fce52dff2-271893c1-4db4d4bc [none]
[debug] [2026-01-27T14:55:52.501Z] <<< [apiv2][status] GET https://cloudfunctions.googleapis.com/v2/projects/sentrilock-9db8f/locations/us-central1/operations/operation-1769525692522-6495fce52dff2-271893c1-4db4d4bc 200
[debug] [2026-01-27T14:55:52.503Z] <<< [apiv2][body] GET https://cloudfunctions.googleapis.com/v2/projects/sentrilock-9db8f/locations/us-central1/operations/operation-1769525692522-6495fce52dff2-271893c1-4db4d4bc {"name":"projects/sentrilock-9db8f/locations/us-central1/operations/operation-1769525692522-6495fce52dff2-271893c1-4db4d4bc","metadata":{"@type":"type.googleapis.com/google.cloud.functions.v2.OperationMetadata","createTime":"2026-01-27T14:54:52.987090561Z","endTime":"2026-01-27T14:55:50.793016336Z","target":"projects/sentrilock-9db8f/locations/us-central1/functions/sendTestNotification","verb":"create","cancelRequested":false,"apiVersion":"v2","requestResource":{"@type":"type.googleapis.com/google.cloud.functions.v2.Function","name":"projects/sentrilock-9db8f/locations/us-central1/functions/sendTestNotification","buildConfig":{"runtime":"nodejs24","entryPoint":"sendTestNotification","source":{"storageSource":{"bucket":"gcf-v2-sources-715232745006-us-central1","object":"sendTestNotification/function-source.zip","generation":"1769525692735348"}},"environmentVariables":{"GOOGLE_NODE_RUN_SCRIPTS":""},"serviceAccount":"projects/sentrilock-9db8f/serviceAccounts/715232745006-compute@developer.gserviceaccount.com","automaticUpdatePolicy":{}},"serviceConfig":{"service":"projects/sentrilock-9db8f/locations/us-central1/services/sendtestnotification","timeoutSeconds":60,"environmentVariables":{"FIREBASE_CONFIG":"{\"projectId\":\"sentrilock-9db8f\",\"storageBucket\":\"sentrilock-9db8f.firebasestorage.app\"}","GCLOUD_PROJECT":"sentrilock-9db8f","EVENTARC_CLOUD_EVENT_SOURCE":"projects/sentrilock-9db8f/locations/us-central1/services/sendTestNotification","FUNCTION_TARGET":"sendTestNotification","LOG_EXECUTION_ID":"true"},"ingressSettings":"ALLOW_ALL","serviceAccountEmail":"715232745006-compute@developer.gserviceaccount.com","availableMemory":"256Mi","maxInstanceRequestConcurrency":80,"availableCpu":"1"},"labels":{"deployment-tool":"cli-firebase","deployment-callable":"true","firebase-functions-hash":"7296f29d2ceb2d3da0c87503ddc706864462b2ce"},"environment":"GEN_2"},"stages":[{"name":"BUILD","message":"Build finished","state":"COMPLETE","resource":"projects/715232745006/locations/us-central1/builds/32263b27-7a18-43f9-bd79-a37e916966be","resourceUri":"https://console.cloud.google.com/cloud-build/builds;region=us-central1/32263b27-7a18-43f9-bd79-a37e916966be?project=715232745006"},{"name":"SERVICE","message":"Creating Cloud Run service","state":"COMPLETE","resource":"projects/sentrilock-9db8f/locations/us-central1/services/sendtestnotification","resourceUri":"https://console.cloud.google.com/run/detail/us-central1/sendtestnotification?project=sentrilock-9db8f"}],"sourceToken":"Cldwcm9qZWN0cy83MTUyMzI3NDUwMDYvbG9jYXRpb25zL3VzLWNlbnRyYWwxL2J1aWxkcy8zMjI2M2IyNy03YTE4LTQzZjktYmQ3OS1hMzdlOTE2OTY2YmUSe3VzLWNlbnRyYWwxLWRvY2tlci5wa2cuZGV2L3NlbnRyaWxvY2stOWRiOGYvZ2NmLWFydGlmYWN0cy9zZW50cmlsb2NrLS05ZGI4Zl9fdXMtLWNlbnRyYWwxX19zZW5kX3Rlc3Rfbm90aWZpY2F0aW9uOnZlcnNpb25fMRiurMa56BQiTnByb2plY3RzL3NlbnRyaWxvY2stOWRiOGYvbG9jYXRpb25zL3VzLWNlbnRyYWwxL2Z1bmN0aW9ucy9zZW5kVGVzdE5vdGlmaWNhdGlvbioMCO2j48sGEIi/96YBMghub2RlanMyNDp2CiNnY3IuaW8vZ2FlLXJ1bnRpbWVzL25vZGVqczI0OnN0YWJsZRJPdXMtY2VudHJhbDEtZG9ja2VyLnBrZy5kZXYvc2VydmVybGVzcy1ydW50aW1lcy9nb29nbGUtMjQtZnVsbC9ydW50aW1lcy9ub2RlanMyNEAB","operationType":"CREATE_FUNCTION","buildName":"projects/715232745006/locations/us-central1/builds/32263b27-7a18-43f9-bd79-a37e916966be"},"done":true,"response":{"@type":"type.googleapis.com/google.cloud.functions.v2.Function","name":"projects/sentrilock-9db8f/locations/us-central1/functions/sendTestNotification","buildConfig":{"build":"projects/715232745006/locations/us-central1/builds/32263b27-7a18-43f9-bd79-a37e916966be","runtime":"nodejs24","entryPoint":"sendTestNotification","source":{"storageSource":{"bucket":"gcf-v2-sources-715232745006-us-central1","object":"sendTestNotification/function-source.zip","generation":"1769525692735348"}},"environmentVariables":{"GOOGLE_NODE_RUN_SCRIPTS":""},"dockerRepository":"projects/sentrilock-9db8f/locations/us-central1/repositories/gcf-artifacts","sourceProvenance":{"resolvedStorageSource":{"bucket":"gcf-v2-sources-715232745006-us-central1","object":"sendTestNotification/function-source.zip","generation":"1769525692735348"}},"dockerRegistry":"ARTIFACT_REGISTRY","serviceAccount":"projects/sentrilock-9db8f/serviceAccounts/715232745006-compute@developer.gserviceaccount.com","automaticUpdatePolicy":{}},"serviceConfig":{"service":"projects/sentrilock-9db8f/locations/us-central1/services/sendtestnotification","timeoutSeconds":60,"environmentVariables":{"FIREBASE_CONFIG":"{\"projectId\":\"sentrilock-9db8f\",\"storageBucket\":\"sentrilock-9db8f.firebasestorage.app\"}","GCLOUD_PROJECT":"sentrilock-9db8f","EVENTARC_CLOUD_EVENT_SOURCE":"projects/sentrilock-9db8f/locations/us-central1/services/sendTestNotification","FUNCTION_TARGET":"sendTestNotification","LOG_EXECUTION_ID":"true"},"ingressSettings":"ALLOW_ALL","uri":"https://sendtestnotification-b5bx42kifq-uc.a.run.app","serviceAccountEmail":"715232745006-compute@developer.gserviceaccount.com","availableMemory":"256Mi","allTrafficOnLatestRevision":true,"revision":"sendtestnotification-00001-riq","maxInstanceRequestConcurrency":80,"availableCpu":"1"},"state":"ACTIVE","updateTime":"2026-01-27T14:54:52.979592843Z","labels":{"deployment-tool":"cli-firebase","deployment-callable":"true","firebase-functions-hash":"7296f29d2ceb2d3da0c87503ddc706864462b2ce"},"environment":"GEN_2","url":"https://us-central1-sentrilock-9db8f.cloudfunctions.net/sendTestNotification","createTime":"2026-01-27T14:54:52.979592843Z","satisfiesPzi":true}}
[debug] [2026-01-27T14:55:52.504Z] Got source token Cldwcm9qZWN0cy83MTUyMzI3NDUwMDYvbG9jYXRpb25zL3VzLWNlbnRyYWwxL2J1aWxkcy8zMjI2M2IyNy03YTE4LTQzZjktYmQ3OS1hMzdlOTE2OTY2YmUSe3VzLWNlbnRyYWwxLWRvY2tlci5wa2cuZGV2L3NlbnRyaWxvY2stOWRiOGYvZ2NmLWFydGlmYWN0cy9zZW50cmlsb2NrLS05ZGI4Zl9fdXMtLWNlbnRyYWwxX19zZW5kX3Rlc3Rfbm90aWZpY2F0aW9uOnZlcnNpb25fMRiurMa56BQiTnByb2plY3RzL3NlbnRyaWxvY2stOWRiOGYvbG9jYXRpb25zL3VzLWNlbnRyYWwxL2Z1bmN0aW9ucy9zZW5kVGVzdE5vdGlmaWNhdGlvbioMCO2j48sGEIi/96YBMghub2RlanMyNDp2CiNnY3IuaW8vZ2FlLXJ1bnRpbWVzL25vZGVqczI0OnN0YWJsZRJPdXMtY2VudHJhbDEtZG9ja2VyLnBrZy5kZXYvc2VydmVybGVzcy1ydW50aW1lcy9nb29nbGUtMjQtZnVsbC9ydW50aW1lcy9ub2RlanMyNEAB for region us-central1
[debug] [2026-01-27T14:55:52.506Z] Checked if tokens are valid: true, expires at: 1769528792411
[debug] [2026-01-27T14:55:52.507Z] Checked if tokens are valid: true, expires at: 1769528792411
[debug] [2026-01-27T14:55:52.507Z] >>> [apiv2][query] POST https://run.googleapis.com/v1/projects/sentrilock-9db8f/locations/us-central1/services/sendtestnotification:setIamPolicy [none]
[debug] [2026-01-27T14:55:52.508Z] >>> [apiv2][body] POST https://run.googleapis.com/v1/projects/sentrilock-9db8f/locations/us-central1/services/sendtestnotification:setIamPolicy {"policy":{"bindings":[{"role":"roles/run.invoker","members":["allUsers"]}],"etag":"","version":3},"updateMask":"bindings,etag,version"}
[debug] [2026-01-27T14:55:54.365Z] <<< [apiv2][status] POST https://run.googleapis.com/v1/projects/sentrilock-9db8f/locations/us-central1/services/sendtestnotification:setIamPolicy 200
[debug] [2026-01-27T14:55:54.365Z] <<< [apiv2][body] POST https://run.googleapis.com/v1/projects/sentrilock-9db8f/locations/us-central1/services/sendtestnotification:setIamPolicy {"version":1,"etag":"BwZJX9ICj9Y=","bindings":[{"role":"roles/run.invoker","members":["allUsers"]}]}
[info] ✔  functions[sendTestNotification(us-central1)] Successful create operation. 
[debug] [2026-01-27T14:55:54.368Z] Total Function Deployment time: 81238
[debug] [2026-01-27T14:55:54.368Z] 2 Functions Deployed
[debug] [2026-01-27T14:55:54.368Z] 1 Functions Errored
[debug] [2026-01-27T14:55:54.368Z] 0 Function Deployments Aborted
[debug] [2026-01-27T14:55:54.368Z] Average Function Deployment time: 49777
[info] 
[info] Functions deploy had errors with the following functions:
	onLogCreated(us-central1)
[debug] [2026-01-27T14:55:54.370Z] Checked if tokens are valid: true, expires at: 1769528792411
[debug] [2026-01-27T14:55:54.371Z] Checked if tokens are valid: true, expires at: 1769528792411
[debug] [2026-01-27T14:55:54.371Z] >>> [apiv2][query] GET https://artifactregistry.googleapis.com/v1/projects/sentrilock-9db8f/locations/us-central1/repositories/gcf-artifacts [none]
[debug] [2026-01-27T14:55:55.805Z] <<< [apiv2][status] GET https://artifactregistry.googleapis.com/v1/projects/sentrilock-9db8f/locations/us-central1/repositories/gcf-artifacts 200
[debug] [2026-01-27T14:55:55.806Z] <<< [apiv2][body] GET https://artifactregistry.googleapis.com/v1/projects/sentrilock-9db8f/locations/us-central1/repositories/gcf-artifacts {"name":"projects/sentrilock-9db8f/locations/us-central1/repositories/gcf-artifacts","format":"DOCKER","description":"This repository is created and used by Cloud Functions for storing function docker images.","labels":{"goog-managed-by":"cloudfunctions"},"createTime":"2025-11-24T07:40:50.889709Z","updateTime":"2026-01-27T14:55:38.131268Z","mode":"STANDARD_REPOSITORY","cleanupPolicies":{"firebase-functions-cleanup":{"id":"firebase-functions-cleanup","action":"DELETE","condition":{"tagState":"ANY","olderThan":"86400s"}}},"sizeBytes":"96815036","vulnerabilityScanningConfig":{"lastEnableTime":"2025-11-24T07:40:40.361701682Z","enablementState":"SCANNING_DISABLED","enablementStateReason":"API containerscanning.googleapis.com is not enabled."},"satisfiesPzi":true,"registryUri":"us-central1-docker.pkg.dev/sentrilock-9db8f/gcf-artifacts"}
[debug] [2026-01-27T14:55:55.808Z] Functions deploy failed.
[debug] [2026-01-27T14:55:55.808Z] {
  "endpoint": {
    "id": "onLogCreated",
    "project": "sentrilock-9db8f",
    "region": "us-central1",
    "entryPoint": "onLogCreated",
    "platform": "gcfv2",
    "runtime": "nodejs24",
    "eventTrigger": {
      "eventType": "google.cloud.firestore.document.v1.created",
      "retry": false,
      "eventFilters": {
        "database": "(default)",
        "namespace": "(default)"
      },
      "eventFilterPathPatterns": {
        "document": "logs/{logId}"
      },
      "region": "asia-southeast1"
    },
    "labels": {
      "deployment-tool": "cli-firebase"
    },
    "serviceAccount": null,
    "ingressSettings": null,
    "availableMemoryMb": null,
    "timeoutSeconds": null,
    "maxInstances": null,
    "minInstances": null,
    "concurrency": 80,
    "vpc": null,
    "environmentVariables": {
      "FIREBASE_CONFIG": "{\"projectId\":\"sentrilock-9db8f\",\"storageBucket\":\"sentrilock-9db8f.firebasestorage.app\"}",
      "GCLOUD_PROJECT": "sentrilock-9db8f",
      "EVENTARC_CLOUD_EVENT_SOURCE": "projects/sentrilock-9db8f/locations/us-central1/services/onLogCreated"
    },
    "codebase": "default",
    "cpu": 1,
    "targetedByOnly": false,
    "hash": "7296f29d2ceb2d3da0c87503ddc706864462b2ce"
  },
  "op": "create",
  "original": {
    "name": "FirebaseError",
    "children": [],
    "context": {
      "function": "projects/sentrilock-9db8f/locations/us-central1/functions/onLogCreated"
    },
    "exit": 1,
    "message": "Failed to create function projects/sentrilock-9db8f/locations/us-central1/functions/onLogCreated",
    "original": {
      "name": "FirebaseError",
      "children": [],
      "context": {
        "body": {
          "error": {
            "code": 400,
            "message": "Validation failed for trigger projects/sentrilock-9db8f/locations/asia-southeast1/triggers/onlogcreated-676103: Invalid resource state for \"\": Permission denied while using the Eventarc Service Agent. If you recently started to use Eventarc, it may take a few minutes before all necessary permissions are propagated to the Service Agent. Otherwise, verify that it has Eventarc Service Agent role.",
            "status": "FAILED_PRECONDITION"
          }
        },
        "response": {
          "statusCode": 400
        }
      },
      "exit": 1,
      "message": "Request to https://cloudfunctions.googleapis.com/v2/projects/sentrilock-9db8f/locations/us-central1/functions?functionId=onLogCreated had HTTP Error: 400, Validation failed for trigger projects/sentrilock-9db8f/locations/asia-southeast1/triggers/onlogcreated-676103: Invalid resource state for \"\": Permission denied while using the Eventarc Service Agent. If you recently started to use Eventarc, it may take a few minutes before all necessary permissions are propagated to the Service Agent. Otherwise, verify that it has Eventarc Service Agent role.",
      "status": 400
    },
    "status": 400,
    "code": 400
  }
}
[debug] [2026-01-27T14:55:55.812Z] Error: Failed to create function onLogCreated in region us-central1
    at /home/marvin/.nvm/versions/node/v20.19.5/lib/node_modules/firebase-tools/lib/deploy/functions/release/fabricator.js:319:27
    at process.processTicksAndRejections (node:internal/process/task_queues:95:5)
    at async Fabricator.createV2Function (/home/marvin/.nvm/versions/node/v20.19.5/lib/node_modules/firebase-tools/lib/deploy/functions/release/fabricator.js:298:30)
    at async Fabricator.createEndpoint (/home/marvin/.nvm/versions/node/v20.19.5/lib/node_modules/firebase-tools/lib/deploy/functions/release/fabricator.js:138:13)
    at async handle (/home/marvin/.nvm/versions/node/v20.19.5/lib/node_modules/firebase-tools/lib/deploy/functions/release/fabricator.js:90:17)
[error] 
[error] Error: There was an error deploying functions
